Unsupposrted library path: E:\Coding Projects\sexhack\build\classes\java\api
Unsupposrted library path: E:\Coding Projects\sexhack\build\resources\api
Symbol range map extraction starting
Processing 230 files
startProcessing "me/noat/sexhack/SexHack.java" md5: 60e4353cc3cdc71e92694d3faa02680e
endProcessing "me/noat/sexhack/SexHack.java"

startProcessing "me/noat/sexhack/client/command/WurstplusCommand.java" md5: ea217d8666cda76b440d810139f57650
endProcessing "me/noat/sexhack/client/command/WurstplusCommand.java"

startProcessing "me/noat/sexhack/client/command/WurstplusCommands.java" md5: 871b6724c3e2e8d4c38b0d4285f1cd58
endProcessing "me/noat/sexhack/client/command/WurstplusCommands.java"

startProcessing "me/noat/sexhack/client/command/commands/WurstplusAlert.java" md5: aee4a39510b6f42e260dbd69d2ffcea8
endProcessing "me/noat/sexhack/client/command/commands/WurstplusAlert.java"

startProcessing "me/noat/sexhack/client/command/commands/WurstplusBind.java" md5: 891a86025a2103deb5079c3bf444d7b6
endProcessing "me/noat/sexhack/client/command/commands/WurstplusBind.java"

startProcessing "me/noat/sexhack/client/command/commands/WurstplusChatSuffix.java" md5: 25a5dee70bae2931b20e45fcfc4dae8d
endProcessing "me/noat/sexhack/client/command/commands/WurstplusChatSuffix.java"

startProcessing "me/noat/sexhack/client/command/commands/WurstplusCommandHUDWatermark.java" md5: a5f1ce984bb1de9fab6bebbaedafbad7
endProcessing "me/noat/sexhack/client/command/commands/WurstplusCommandHUDWatermark.java"

startProcessing "me/noat/sexhack/client/command/commands/WurstplusConfig.java" md5: a09f05e6ac126f3bf2c13226e44653bd
endProcessing "me/noat/sexhack/client/command/commands/WurstplusConfig.java"

startProcessing "me/noat/sexhack/client/command/commands/WurstplusDrawn.java" md5: 9201fd0b418ac5e86e54645ade73b83c
endProcessing "me/noat/sexhack/client/command/commands/WurstplusDrawn.java"

startProcessing "me/noat/sexhack/client/command/commands/WurstplusEnemy.java" md5: 4548d605137a8255e532473b580e39db
endProcessing "me/noat/sexhack/client/command/commands/WurstplusEnemy.java"

startProcessing "me/noat/sexhack/client/command/commands/WurstplusEzMessage.java" md5: a79b235e365fe22ad446dc3eddc4d6d7
endProcessing "me/noat/sexhack/client/command/commands/WurstplusEzMessage.java"

startProcessing "me/noat/sexhack/client/command/commands/WurstplusFriend.java" md5: c234b5a3be10bc31fb66a09dc4bff1fa
endProcessing "me/noat/sexhack/client/command/commands/WurstplusFriend.java"

startProcessing "me/noat/sexhack/client/command/commands/WurstplusHelp.java" md5: e2988b2811493756f0c1504b90648887
endProcessing "me/noat/sexhack/client/command/commands/WurstplusHelp.java"

startProcessing "me/noat/sexhack/client/command/commands/WurstplusPrefix.java" md5: a9d3c373b3d31b2aca81d934e2d47486
endProcessing "me/noat/sexhack/client/command/commands/WurstplusPrefix.java"

startProcessing "me/noat/sexhack/client/command/commands/WurstplusSettings.java" md5: 2ac99215940a76e36c4915d2d031c5a3
endProcessing "me/noat/sexhack/client/command/commands/WurstplusSettings.java"

startProcessing "me/noat/sexhack/client/command/commands/WurstplusToggle.java" md5: 2136d5f1fc16be4724122c7e68316c56
endProcessing "me/noat/sexhack/client/command/commands/WurstplusToggle.java"

startProcessing "me/noat/sexhack/client/command/commands/WurstplusWatermarkChat.java" md5: 13df8596579add5ff96deaa989046fbf
endProcessing "me/noat/sexhack/client/command/commands/WurstplusWatermarkChat.java"

startProcessing "me/noat/sexhack/client/event/WurstplusEventBus.java" md5: 263b746ee87f7164e05927d29a66f82a
endProcessing "me/noat/sexhack/client/event/WurstplusEventBus.java"

startProcessing "me/noat/sexhack/client/event/WurstplusEventCancellable.java" md5: f6ca70253f3289816e937d6a07787ede
endProcessing "me/noat/sexhack/client/event/WurstplusEventCancellable.java"

startProcessing "me/noat/sexhack/client/event/WurstplusEventHandler.java" md5: 603c527f145234b7db842e6729bbbd06
endProcessing "me/noat/sexhack/client/event/WurstplusEventHandler.java"

startProcessing "me/noat/sexhack/client/event/WurstplusEventRegister.java" md5: 696f0811c15d73e952e84c07eeac3283
endProcessing "me/noat/sexhack/client/event/WurstplusEventRegister.java"

startProcessing "me/noat/sexhack/client/event/WurstplusEventStage.java" md5: a5b1c09b389aca40814790ec6e13d67d
endProcessing "me/noat/sexhack/client/event/WurstplusEventStage.java"

startProcessing "me/noat/sexhack/client/event/events/WurstplusEventBlock.java" md5: 733d062b7693af671510b248334288cb
endProcessing "me/noat/sexhack/client/event/events/WurstplusEventBlock.java"

startProcessing "me/noat/sexhack/client/event/events/WurstplusEventDamageBlock.java" md5: 4e0ca1bd9fe1f843ee0d6c94e3d9b561
endProcessing "me/noat/sexhack/client/event/events/WurstplusEventDamageBlock.java"

startProcessing "me/noat/sexhack/client/event/events/WurstplusEventEntity.java" md5: 32897f9b59f5ec1921ab3696f259e723
endProcessing "me/noat/sexhack/client/event/events/WurstplusEventEntity.java"

startProcessing "me/noat/sexhack/client/event/events/WurstplusEventEntityRemoved.java" md5: c46190049b6b1f33501d9e83ab0f8a8e
endProcessing "me/noat/sexhack/client/event/events/WurstplusEventEntityRemoved.java"

startProcessing "me/noat/sexhack/client/event/events/WurstplusEventGUIScreen.java" md5: f0e3f9d24371cff7ff8b0f751b0f30f0
endProcessing "me/noat/sexhack/client/event/events/WurstplusEventGUIScreen.java"

startProcessing "me/noat/sexhack/client/event/events/WurstplusEventGameOverlay.java" md5: eb3980d4c7ab8cfce94ecafc080e2ec8
endProcessing "me/noat/sexhack/client/event/events/WurstplusEventGameOverlay.java"

startProcessing "me/noat/sexhack/client/event/events/WurstplusEventMotionUpdate.java" md5: 7957275246b7de3cde1dde36419981e2
endProcessing "me/noat/sexhack/client/event/events/WurstplusEventMotionUpdate.java"

startProcessing "me/noat/sexhack/client/event/events/WurstplusEventMove.java" md5: be4b044a99161a882bea2533f6544628
endProcessing "me/noat/sexhack/client/event/events/WurstplusEventMove.java"

startProcessing "me/noat/sexhack/client/event/events/WurstplusEventPacket.java" md5: cd3fcece6c8329d557389323e44ecb1d
endProcessing "me/noat/sexhack/client/event/events/WurstplusEventPacket.java"

startProcessing "me/noat/sexhack/client/event/events/WurstplusEventPlayerJump.java" md5: 033159d4b5b72da704a3cfb85444094a
endProcessing "me/noat/sexhack/client/event/events/WurstplusEventPlayerJump.java"

startProcessing "me/noat/sexhack/client/event/events/WurstplusEventPlayerTravel.java" md5: b10744ad9faf3456490e9774a68cc719
endProcessing "me/noat/sexhack/client/event/events/WurstplusEventPlayerTravel.java"

startProcessing "me/noat/sexhack/client/event/events/WurstplusEventRender.java" md5: fde9416965d915c96842a039f74ca963
endProcessing "me/noat/sexhack/client/event/events/WurstplusEventRender.java"

startProcessing "me/noat/sexhack/client/event/events/WurstplusEventRenderEntityModel.java" md5: 3ee76e251bc11ae0fc80572023ebecc1
endProcessing "me/noat/sexhack/client/event/events/WurstplusEventRenderEntityModel.java"

startProcessing "me/noat/sexhack/client/event/events/WurstplusEventRenderName.java" md5: 2e2ee85ba87e78373bf77fe3342691f2
endProcessing "me/noat/sexhack/client/event/events/WurstplusEventRenderName.java"

startProcessing "me/noat/sexhack/client/event/events/WurstplusEventSetupFog.java" md5: e56e01a00c7d9d01b5b148fd127d5252
endProcessing "me/noat/sexhack/client/event/events/WurstplusEventSetupFog.java"

startProcessing "me/noat/sexhack/client/event/events/WurstplusEventSwing.java" md5: 9d3173f8b05326bb88b1ddfecfaaa8a0
endProcessing "me/noat/sexhack/client/event/events/WurstplusEventSwing.java"

startProcessing "me/noat/sexhack/client/event/events/WurstplusMoveEvent.java" md5: 43ba3dbcd704b71a354c860b3acf4a03
endProcessing "me/noat/sexhack/client/event/events/WurstplusMoveEvent.java"

startProcessing "me/noat/sexhack/client/event/events/WurstplusPacket.java" md5: a41c870faa773d81c52b55e3bc05ef99
endProcessing "me/noat/sexhack/client/event/events/WurstplusPacket.java"

startProcessing "me/noat/sexhack/client/guiscreen/WurstplusGUI.java" md5: 716512a7daa9f217a4797a263239026c
endProcessing "me/noat/sexhack/client/guiscreen/WurstplusGUI.java"

startProcessing "me/noat/sexhack/client/guiscreen/WurstplusHUD.java" md5: 307d5f302c9b27f17d71901684daa86b
endProcessing "me/noat/sexhack/client/guiscreen/WurstplusHUD.java"

startProcessing "me/noat/sexhack/client/guiscreen/hud/WurstplusArmorDurabilityWarner.java" md5: a975c33503dc2e71bbd8bb1b84c4ad18
endProcessing "me/noat/sexhack/client/guiscreen/hud/WurstplusArmorDurabilityWarner.java"

startProcessing "me/noat/sexhack/client/guiscreen/hud/WurstplusArmorPreview.java" md5: 6e34f9311220952f4d12a38995687818
endProcessing "me/noat/sexhack/client/guiscreen/hud/WurstplusArmorPreview.java"

startProcessing "me/noat/sexhack/client/guiscreen/hud/WurstplusArrayList.java" md5: 42667127039aeb7376be63e712a10dd4
endProcessing "me/noat/sexhack/client/guiscreen/hud/WurstplusArrayList.java"

startProcessing "me/noat/sexhack/client/guiscreen/hud/WurstplusCompass.java" md5: ad75fdabc1a36810dae54122f3120827
endProcessing "me/noat/sexhack/client/guiscreen/hud/WurstplusCompass.java"

startProcessing "me/noat/sexhack/client/guiscreen/hud/WurstplusCoordinates.java" md5: 31d9216a8c31326c24ab6ebc800dbcfb
endProcessing "me/noat/sexhack/client/guiscreen/hud/WurstplusCoordinates.java"

startProcessing "me/noat/sexhack/client/guiscreen/hud/WurstplusCrystalCount.java" md5: 7f7a4f930286c7198040e7f745241d46
endProcessing "me/noat/sexhack/client/guiscreen/hud/WurstplusCrystalCount.java"

startProcessing "me/noat/sexhack/client/guiscreen/hud/WurstplusDirection.java" md5: 2c9ccf9fe31daf44842e7d94462f6424
endProcessing "me/noat/sexhack/client/guiscreen/hud/WurstplusDirection.java"

startProcessing "me/noat/sexhack/client/guiscreen/hud/WurstplusEXPCount.java" md5: 2493e43291fc3e34a5ed757eae5174e4
endProcessing "me/noat/sexhack/client/guiscreen/hud/WurstplusEXPCount.java"

startProcessing "me/noat/sexhack/client/guiscreen/hud/WurstplusEffectHud.java" md5: e7c07ad91453029ec6dbcd1dc89584dc
endProcessing "me/noat/sexhack/client/guiscreen/hud/WurstplusEffectHud.java"

startProcessing "me/noat/sexhack/client/guiscreen/hud/WurstplusEntityList.java" md5: e343f7d8abe3c49fdaaaee6988138cee
endProcessing "me/noat/sexhack/client/guiscreen/hud/WurstplusEntityList.java"

startProcessing "me/noat/sexhack/client/guiscreen/hud/WurstplusFPS.java" md5: d60135ab03a625b68134993533237017
endProcessing "me/noat/sexhack/client/guiscreen/hud/WurstplusFPS.java"

startProcessing "me/noat/sexhack/client/guiscreen/hud/WurstplusFriendList.java" md5: 77593e711e303ed0199d1ca344218720
endProcessing "me/noat/sexhack/client/guiscreen/hud/WurstplusFriendList.java"

startProcessing "me/noat/sexhack/client/guiscreen/hud/WurstplusGappleCount.java" md5: 739ef15a922d0e18aa0ab4c4741e6c69
endProcessing "me/noat/sexhack/client/guiscreen/hud/WurstplusGappleCount.java"

startProcessing "me/noat/sexhack/client/guiscreen/hud/WurstplusInventoryPreview.java" md5: 314de00af43bdff8f1f0959613d4fdde
endProcessing "me/noat/sexhack/client/guiscreen/hud/WurstplusInventoryPreview.java"

startProcessing "me/noat/sexhack/client/guiscreen/hud/WurstplusInventoryXCarryPreview.java" md5: b64eb828da68bea78360b00e8702b4d4
endProcessing "me/noat/sexhack/client/guiscreen/hud/WurstplusInventoryXCarryPreview.java"

startProcessing "me/noat/sexhack/client/guiscreen/hud/WurstplusLogo.java" md5: aa41408aa21c0bc7d008a4a3a4541768
endProcessing "me/noat/sexhack/client/guiscreen/hud/WurstplusLogo.java"

startProcessing "me/noat/sexhack/client/guiscreen/hud/WurstplusPing.java" md5: ed3f10fcf1eeb42588adc6ee0a4368a3
endProcessing "me/noat/sexhack/client/guiscreen/hud/WurstplusPing.java"

startProcessing "me/noat/sexhack/client/guiscreen/hud/WurstplusPlayerList.java" md5: 39ffba547acf58bad0778281006caa45
endProcessing "me/noat/sexhack/client/guiscreen/hud/WurstplusPlayerList.java"

startProcessing "me/noat/sexhack/client/guiscreen/hud/WurstplusPvpHud.java" md5: bd5486b07880688f6cd344f2051d4935
endProcessing "me/noat/sexhack/client/guiscreen/hud/WurstplusPvpHud.java"

startProcessing "me/noat/sexhack/client/guiscreen/hud/WurstplusSpeedometer.java" md5: 1ea90e8e13193d66f371b35882e9f22b
endProcessing "me/noat/sexhack/client/guiscreen/hud/WurstplusSpeedometer.java"

startProcessing "me/noat/sexhack/client/guiscreen/hud/WurstplusSurroundBlocks.java" md5: 786e3c2530899ff919e6e33a895e599e
endProcessing "me/noat/sexhack/client/guiscreen/hud/WurstplusSurroundBlocks.java"

startProcessing "me/noat/sexhack/client/guiscreen/hud/WurstplusTPS.java" md5: cd5abe6d17af6002d29ab8c7e178b4ef
endProcessing "me/noat/sexhack/client/guiscreen/hud/WurstplusTPS.java"

startProcessing "me/noat/sexhack/client/guiscreen/hud/WurstplusTime.java" md5: d3a78f081bd09b3f3af1550a600b9f41
endProcessing "me/noat/sexhack/client/guiscreen/hud/WurstplusTime.java"

startProcessing "me/noat/sexhack/client/guiscreen/hud/WurstplusTotemCount.java" md5: 46925ad67c5b3a102d35389c5536ae76
endProcessing "me/noat/sexhack/client/guiscreen/hud/WurstplusTotemCount.java"

startProcessing "me/noat/sexhack/client/guiscreen/hud/WurstplusUser.java" md5: d30301c32cb408284156d8c2f054779b
endProcessing "me/noat/sexhack/client/guiscreen/hud/WurstplusUser.java"

startProcessing "me/noat/sexhack/client/guiscreen/hud/WurstplusWatermark.java" md5: 1d5b5a2a5363ee8b412980f8ea57c652
endProcessing "me/noat/sexhack/client/guiscreen/hud/WurstplusWatermark.java"

startProcessing "me/noat/sexhack/client/guiscreen/render/WurstplusDraw.java" md5: 46146fa537fbdb1695969a1b910de02e
endProcessing "me/noat/sexhack/client/guiscreen/render/WurstplusDraw.java"

startProcessing "me/noat/sexhack/client/guiscreen/render/components/WurstplusAbstractWidget.java" md5: bade8d73e87d01519b2474175deee40b
endProcessing "me/noat/sexhack/client/guiscreen/render/components/WurstplusAbstractWidget.java"

startProcessing "me/noat/sexhack/client/guiscreen/render/components/WurstplusFrame.java" md5: 78f4b11b7ba9bac45af0ebebd1d43dc6
endProcessing "me/noat/sexhack/client/guiscreen/render/components/WurstplusFrame.java"

startProcessing "me/noat/sexhack/client/guiscreen/render/components/WurstplusModuleButton.java" md5: 0222e4e6687bc9d6df8c76a3ace5f3d4
endProcessing "me/noat/sexhack/client/guiscreen/render/components/WurstplusModuleButton.java"

startProcessing "me/noat/sexhack/client/guiscreen/render/components/widgets/WurstplusButton.java" md5: 058035287855cc266b46d48b84f5cc95
endProcessing "me/noat/sexhack/client/guiscreen/render/components/widgets/WurstplusButton.java"

startProcessing "me/noat/sexhack/client/guiscreen/render/components/widgets/WurstplusButtonBind.java" md5: fffa5e14b70bcc69e3e6c4bd62da965a
endProcessing "me/noat/sexhack/client/guiscreen/render/components/widgets/WurstplusButtonBind.java"

startProcessing "me/noat/sexhack/client/guiscreen/render/components/widgets/WurstplusCombobox.java" md5: d707d929593bd92685caa08a3c919697
endProcessing "me/noat/sexhack/client/guiscreen/render/components/widgets/WurstplusCombobox.java"

startProcessing "me/noat/sexhack/client/guiscreen/render/components/widgets/WurstplusLabel.java" md5: 0dbea0b4a3e503d094045ec8277be897
endProcessing "me/noat/sexhack/client/guiscreen/render/components/widgets/WurstplusLabel.java"

startProcessing "me/noat/sexhack/client/guiscreen/render/components/widgets/WurstplusSlider.java" md5: ab2f311eedcb8197cb07c56e7441ea92
endProcessing "me/noat/sexhack/client/guiscreen/render/components/widgets/WurstplusSlider.java"

startProcessing "me/noat/sexhack/client/guiscreen/render/pinnables/WurstplusFrame.java" md5: 8e705fa0f5573818c3ce4aa2692d3bf9
endProcessing "me/noat/sexhack/client/guiscreen/render/pinnables/WurstplusFrame.java"

startProcessing "me/noat/sexhack/client/guiscreen/render/pinnables/WurstplusPinnable.java" md5: e5347f085275390fcb283d2074ccd3f0
endProcessing "me/noat/sexhack/client/guiscreen/render/pinnables/WurstplusPinnable.java"

startProcessing "me/noat/sexhack/client/guiscreen/render/pinnables/WurstplusPinnableButton.java" md5: cba10b89a8980a9d905529d06a294f79
endProcessing "me/noat/sexhack/client/guiscreen/render/pinnables/WurstplusPinnableButton.java"

startProcessing "me/noat/sexhack/client/guiscreen/settings/Setting.java" md5: b02f9a3923b677c0b0259730eafe20fc
endProcessing "me/noat/sexhack/client/guiscreen/settings/Setting.java"

startProcessing "me/noat/sexhack/client/hacks/Module.java" md5: 6910f9672490dd685ba739f9e1bf8e51
endProcessing "me/noat/sexhack/client/hacks/Module.java"

startProcessing "me/noat/sexhack/client/hacks/WurstplusCategory.java" md5: 9445de6350656b9caf2e5579577fbdfe
endProcessing "me/noat/sexhack/client/hacks/WurstplusCategory.java"

startProcessing "me/noat/sexhack/client/hacks/WurstplusClickGUI.java" md5: 211fe8e101d554a2c6ae5fe361432ca5
endProcessing "me/noat/sexhack/client/hacks/WurstplusClickGUI.java"

startProcessing "me/noat/sexhack/client/hacks/WurstplusClickHUD.java" md5: f2a3d46c0b2946c3699d356eb67f1348
endProcessing "me/noat/sexhack/client/hacks/WurstplusClickHUD.java"

startProcessing "me/noat/sexhack/client/hacks/chat/WurstplusAnnouncer.java" md5: 19bb9cdfc1fcff591e170b3a1d6bee34
endProcessing "me/noat/sexhack/client/hacks/chat/WurstplusAnnouncer.java"

startProcessing "me/noat/sexhack/client/hacks/chat/WurstplusAntiRacist.java" md5: b5c87520b97cc702bcd5929dd64927ea
endProcessing "me/noat/sexhack/client/hacks/chat/WurstplusAntiRacist.java"

startProcessing "me/noat/sexhack/client/hacks/chat/WurstplusAutoEz.java" md5: 76e815cdf1c253d122e3cb055989a72e
endProcessing "me/noat/sexhack/client/hacks/chat/WurstplusAutoEz.java"

startProcessing "me/noat/sexhack/client/hacks/chat/WurstplusChatMods.java" md5: bee807bd651b87a898ed077eec587d9d
endProcessing "me/noat/sexhack/client/hacks/chat/WurstplusChatMods.java"

startProcessing "me/noat/sexhack/client/hacks/chat/WurstplusChatSuffix.java" md5: fff028a90ba4972c447cbe2f721b022e
endProcessing "me/noat/sexhack/client/hacks/chat/WurstplusChatSuffix.java"

startProcessing "me/noat/sexhack/client/hacks/chat/WurstplusClearChat.java" md5: 592f6eb08bc4b6f5e6893898b4fff543
endProcessing "me/noat/sexhack/client/hacks/chat/WurstplusClearChat.java"

startProcessing "me/noat/sexhack/client/hacks/chat/WurstplusTotempop.java" md5: d8c577fcdeaf7f36c9f856c35d4eea4b
endProcessing "me/noat/sexhack/client/hacks/chat/WurstplusTotempop.java"

startProcessing "me/noat/sexhack/client/hacks/chat/WurstplusVisualRange.java" md5: a4e28f677413b3a164c2b3f1b23a25b0
endProcessing "me/noat/sexhack/client/hacks/chat/WurstplusVisualRange.java"

startProcessing "me/noat/sexhack/client/hacks/chat/WurstplusWatermarkChatMods.java" md5: b36cb5b5902214bac1bf2cd05fbdc5d6
endProcessing "me/noat/sexhack/client/hacks/chat/WurstplusWatermarkChatMods.java"

startProcessing "me/noat/sexhack/client/hacks/combat/Burrow.java" md5: 15c03700ac4059adc5c1a406c05cccc1
endProcessing "me/noat/sexhack/client/hacks/combat/Burrow.java"

startProcessing "me/noat/sexhack/client/hacks/combat/WurstplusAuto32k.java" md5: 2fc3aeae1aecc1edd1791008ae592eca
endProcessing "me/noat/sexhack/client/hacks/combat/WurstplusAuto32k.java"

startProcessing "me/noat/sexhack/client/hacks/combat/WurstplusAutoArmour.java" md5: 684e1187f098d68b9731cb2178723256
endProcessing "me/noat/sexhack/client/hacks/combat/WurstplusAutoArmour.java"

startProcessing "me/noat/sexhack/client/hacks/combat/WurstplusAutoCrystal.java" md5: aa1d21e552d35e1288f2dba17f3435bc
endProcessing "me/noat/sexhack/client/hacks/combat/WurstplusAutoCrystal.java"

startProcessing "me/noat/sexhack/client/hacks/combat/WurstplusAutoCrystalNew.java" md5: 7104e7bd5ecdfa536f83add04863781e
endProcessing "me/noat/sexhack/client/hacks/combat/WurstplusAutoCrystalNew.java"

startProcessing "me/noat/sexhack/client/hacks/combat/WurstplusAutoGapple.java" md5: e2bf4cc7d78401ec1e19d5c12fcb38b6
endProcessing "me/noat/sexhack/client/hacks/combat/WurstplusAutoGapple.java"

startProcessing "me/noat/sexhack/client/hacks/combat/WurstplusAutoMine.java" md5: fc337826f612b3526311ae18b36b502b
endProcessing "me/noat/sexhack/client/hacks/combat/WurstplusAutoMine.java"

startProcessing "me/noat/sexhack/client/hacks/combat/WurstplusAutoTotem.java" md5: ea644935cfaa3506aae0283b003821d4
endProcessing "me/noat/sexhack/client/hacks/combat/WurstplusAutoTotem.java"

startProcessing "me/noat/sexhack/client/hacks/combat/WurstplusAutoWeb.java" md5: 487930e1f4020c4f7fa7c7669f11191f
endProcessing "me/noat/sexhack/client/hacks/combat/WurstplusAutoWeb.java"

startProcessing "me/noat/sexhack/client/hacks/combat/WurstplusBedAura.java" md5: 7a0df830b93383ebbce60e443eaed2d5
endProcessing "me/noat/sexhack/client/hacks/combat/WurstplusBedAura.java"

startProcessing "me/noat/sexhack/client/hacks/combat/WurstplusCriticals.java" md5: cdb6ac140a774b2b2690c7dfd1866304
endProcessing "me/noat/sexhack/client/hacks/combat/WurstplusCriticals.java"

startProcessing "me/noat/sexhack/client/hacks/combat/WurstplusHoleFill.java" md5: 599ffaea536a27f1b7c96915cc46a676
endProcessing "me/noat/sexhack/client/hacks/combat/WurstplusHoleFill.java"

startProcessing "me/noat/sexhack/client/hacks/combat/WurstplusKillAura.java" md5: 76ed9c855a1ac220d3e1606a6c76b3d9
endProcessing "me/noat/sexhack/client/hacks/combat/WurstplusKillAura.java"

startProcessing "me/noat/sexhack/client/hacks/combat/WurstplusOffhand.java" md5: 81a44f024e3522e0200fbd47242e1e12
endProcessing "me/noat/sexhack/client/hacks/combat/WurstplusOffhand.java"

startProcessing "me/noat/sexhack/client/hacks/combat/WurstplusSelfTrap.java" md5: 4341297db5fae07cf6abdb1f28ccb89e
endProcessing "me/noat/sexhack/client/hacks/combat/WurstplusSelfTrap.java"

startProcessing "me/noat/sexhack/client/hacks/combat/WurstplusSocks.java" md5: a688d7c2dac6e0b74cdca12aa99edb0a
endProcessing "me/noat/sexhack/client/hacks/combat/WurstplusSocks.java"

startProcessing "me/noat/sexhack/client/hacks/combat/WurstplusSurround.java" md5: 6001ea169e709b34596fccfc9cff30ae
endProcessing "me/noat/sexhack/client/hacks/combat/WurstplusSurround.java"

startProcessing "me/noat/sexhack/client/hacks/combat/WurstplusTrap.java" md5: 49f014cd34e4f4269a5e4c1538dddeca
endProcessing "me/noat/sexhack/client/hacks/combat/WurstplusTrap.java"

startProcessing "me/noat/sexhack/client/hacks/combat/WurstplusVelocity.java" md5: 3eae04012fbbd6344456640d878d4f28
endProcessing "me/noat/sexhack/client/hacks/combat/WurstplusVelocity.java"

startProcessing "me/noat/sexhack/client/hacks/combat/WurstplusWebfill.java" md5: 3fc9e9510e6b58d0ebda09d8936ae8ab
endProcessing "me/noat/sexhack/client/hacks/combat/WurstplusWebfill.java"

startProcessing "me/noat/sexhack/client/hacks/dev/CrystalAura.java" md5: 042b3a997d9a032af97952d1b42b2262
endProcessing "me/noat/sexhack/client/hacks/dev/CrystalAura.java"

startProcessing "me/noat/sexhack/client/hacks/dev/WurstplusDebug.java" md5: 5244bf4f8f8fcf4bd09ee5f142ebe87d
endProcessing "me/noat/sexhack/client/hacks/dev/WurstplusDebug.java"

startProcessing "me/noat/sexhack/client/hacks/dev/WurstplusFakePlayer.java" md5: c6e989ff58ecde7f85602ad2760483af
endProcessing "me/noat/sexhack/client/hacks/dev/WurstplusFakePlayer.java"

startProcessing "me/noat/sexhack/client/hacks/exploit/WurstplusBuildHeight.java" md5: 54b53367c290b96106b428b162a492bf
endProcessing "me/noat/sexhack/client/hacks/exploit/WurstplusBuildHeight.java"

startProcessing "me/noat/sexhack/client/hacks/exploit/WurstplusCoordExploit.java" md5: b0a4c2f2ccf4bd9b6bbf555777ad3cde
endProcessing "me/noat/sexhack/client/hacks/exploit/WurstplusCoordExploit.java"

startProcessing "me/noat/sexhack/client/hacks/exploit/WurstplusEntityMine.java" md5: ff3adb31058688609e86dd4bfa14138f
endProcessing "me/noat/sexhack/client/hacks/exploit/WurstplusEntityMine.java"

startProcessing "me/noat/sexhack/client/hacks/exploit/WurstplusGodModule.java" md5: 8145cf08f3102a440d181058bc4a3782
endProcessing "me/noat/sexhack/client/hacks/exploit/WurstplusGodModule.java"

startProcessing "me/noat/sexhack/client/hacks/exploit/WurstplusInstaMine.java" md5: a3ac50005faaf6f3dd52bec73bcefa2a
endProcessing "me/noat/sexhack/client/hacks/exploit/WurstplusInstaMine.java"

startProcessing "me/noat/sexhack/client/hacks/exploit/WurstplusNoHandshake.java" md5: eaabaae2d3d283a23db64eb046be64a9
endProcessing "me/noat/sexhack/client/hacks/exploit/WurstplusNoHandshake.java"

startProcessing "me/noat/sexhack/client/hacks/exploit/WurstplusNoSwing.java" md5: eefedecd57e224991f27f0610e0baff9
endProcessing "me/noat/sexhack/client/hacks/exploit/WurstplusNoSwing.java"

startProcessing "me/noat/sexhack/client/hacks/exploit/WurstplusPacketMine.java" md5: 111ff89841475782c9b5d87ff8274c5d
endProcessing "me/noat/sexhack/client/hacks/exploit/WurstplusPacketMine.java"

startProcessing "me/noat/sexhack/client/hacks/exploit/WurstplusPortalGodMode.java" md5: dd5ba95731e3577757dd2e1ef2dbfc0b
endProcessing "me/noat/sexhack/client/hacks/exploit/WurstplusPortalGodMode.java"

startProcessing "me/noat/sexhack/client/hacks/exploit/WurstplusSpeedmine.java" md5: 9d29f19743ff5bed627e78060e383c44
endProcessing "me/noat/sexhack/client/hacks/exploit/WurstplusSpeedmine.java"

startProcessing "me/noat/sexhack/client/hacks/exploit/WurstplusXCarry.java" md5: acbbc2ae708848d1127a342053319f1d
endProcessing "me/noat/sexhack/client/hacks/exploit/WurstplusXCarry.java"

startProcessing "me/noat/sexhack/client/hacks/misc/WurstplusAutoNomadHut.java" md5: 0ac42b887e5f3e84b73f7ae240061418
endProcessing "me/noat/sexhack/client/hacks/misc/WurstplusAutoNomadHut.java"

startProcessing "me/noat/sexhack/client/hacks/misc/WurstplusAutoReplenish.java" md5: 0363a30f52f5b31272a6a2ffcd57800b
endProcessing "me/noat/sexhack/client/hacks/misc/WurstplusAutoReplenish.java"

startProcessing "me/noat/sexhack/client/hacks/misc/WurstplusAutoWither.java" md5: 90ff72442741ba527a69a96d33d340b8
endProcessing "me/noat/sexhack/client/hacks/misc/WurstplusAutoWither.java"

startProcessing "me/noat/sexhack/client/hacks/misc/WurstplusFastUtil.java" md5: 90acd6f3db3767a0f878001dd3ed8be5
endProcessing "me/noat/sexhack/client/hacks/misc/WurstplusFastUtil.java"

startProcessing "me/noat/sexhack/client/hacks/misc/WurstplusMiddleClickFriends.java" md5: a2fb2017f57d633482bf459016c972c8
endProcessing "me/noat/sexhack/client/hacks/misc/WurstplusMiddleClickFriends.java"

startProcessing "me/noat/sexhack/client/hacks/misc/WurstplusStopEXP.java" md5: 9b9f68df136da4f984e97d619c03eaea
endProcessing "me/noat/sexhack/client/hacks/misc/WurstplusStopEXP.java"

startProcessing "me/noat/sexhack/client/hacks/movement/ElytraFly.java" md5: 15abc77bd253f2204758b11a55eb4bb6
endProcessing "me/noat/sexhack/client/hacks/movement/ElytraFly.java"

startProcessing "me/noat/sexhack/client/hacks/movement/Speed.java" md5: 66bcf8377ed6b223a7c70a822f691dc7
endProcessing "me/noat/sexhack/client/hacks/movement/Speed.java"

startProcessing "me/noat/sexhack/client/hacks/movement/WurstPlusAnchor.java" md5: 0c1cf58184eb86b0f32832e10da54a12
endProcessing "me/noat/sexhack/client/hacks/movement/WurstPlusAnchor.java"

startProcessing "me/noat/sexhack/client/hacks/movement/WurstplusSprint.java" md5: 0689cbefcc7d2874729252cb3c97a995
endProcessing "me/noat/sexhack/client/hacks/movement/WurstplusSprint.java"

startProcessing "me/noat/sexhack/client/hacks/movement/WurstplusStep.java" md5: 7f6f2567676aaa860fd36c513e3cd766
endProcessing "me/noat/sexhack/client/hacks/movement/WurstplusStep.java"

startProcessing "me/noat/sexhack/client/hacks/render/WurstplusAlwaysNight.java" md5: d9639304c1699497b13bf81f40483c3d
endProcessing "me/noat/sexhack/client/hacks/render/WurstplusAlwaysNight.java"

startProcessing "me/noat/sexhack/client/hacks/render/WurstplusAntifog.java" md5: 50bfa87414699bfccf9dc2cb7d3d43c2
endProcessing "me/noat/sexhack/client/hacks/render/WurstplusAntifog.java"

startProcessing "me/noat/sexhack/client/hacks/render/WurstplusCapes.java" md5: 721ce8f70ac00811cbb33d7a6333443e
endProcessing "me/noat/sexhack/client/hacks/render/WurstplusCapes.java"

startProcessing "me/noat/sexhack/client/hacks/render/WurstplusChams.java" md5: 7b12cf61a5be7d0fcbd2b6e8582e348d
endProcessing "me/noat/sexhack/client/hacks/render/WurstplusChams.java"

startProcessing "me/noat/sexhack/client/hacks/render/WurstplusCityEsp.java" md5: 783372cd5b26e1c0bc7e2e1979a3f065
endProcessing "me/noat/sexhack/client/hacks/render/WurstplusCityEsp.java"

startProcessing "me/noat/sexhack/client/hacks/render/WurstplusFuckedDetector.java" md5: 6f51795126321dba5209605c21f8db97
endProcessing "me/noat/sexhack/client/hacks/render/WurstplusFuckedDetector.java"

startProcessing "me/noat/sexhack/client/hacks/render/WurstplusHighlight.java" md5: 6f47762734084a6f1d5850bb694d0903
endProcessing "me/noat/sexhack/client/hacks/render/WurstplusHighlight.java"

startProcessing "me/noat/sexhack/client/hacks/render/WurstplusHoleESP.java" md5: f494a88d031a0002f09fdb4356ac50af
endProcessing "me/noat/sexhack/client/hacks/render/WurstplusHoleESP.java"

startProcessing "me/noat/sexhack/client/hacks/render/WurstplusLogSpots.java" md5: 6c1fc3a556ce26950bd7b85d97694066
endProcessing "me/noat/sexhack/client/hacks/render/WurstplusLogSpots.java"

startProcessing "me/noat/sexhack/client/hacks/render/WurstplusNameTags.java" md5: 0737e0b7e72459db201b3b3e06db14c5
endProcessing "me/noat/sexhack/client/hacks/render/WurstplusNameTags.java"

startProcessing "me/noat/sexhack/client/hacks/render/WurstplusShulkerPreview.java" md5: e12c7f0caa29b5347365e4b9a403c8d2
endProcessing "me/noat/sexhack/client/hacks/render/WurstplusShulkerPreview.java"

startProcessing "me/noat/sexhack/client/hacks/render/WurstplusSkyColour.java" md5: f7e3e001c4bbc5a94fb5638fff068478
endProcessing "me/noat/sexhack/client/hacks/render/WurstplusSkyColour.java"

startProcessing "me/noat/sexhack/client/hacks/render/WurstplusTracers.java" md5: a598fcfc1b70c4af0b0f59a925653ca3
endProcessing "me/noat/sexhack/client/hacks/render/WurstplusTracers.java"

startProcessing "me/noat/sexhack/client/hacks/render/WurstplusViewmodleChanger.java" md5: 4a774e79ad0888f5334e72799d8cc6a8
endProcessing "me/noat/sexhack/client/hacks/render/WurstplusViewmodleChanger.java"

startProcessing "me/noat/sexhack/client/hacks/render/WurstplusVoidESP.java" md5: 6990c818487ccc917d78e151c58a82e3
endProcessing "me/noat/sexhack/client/hacks/render/WurstplusVoidESP.java"

startProcessing "me/noat/sexhack/client/manager/HWID.java" md5: 1e06e7e219b495be05e5cd09a53eaaf7
endProcessing "me/noat/sexhack/client/manager/HWID.java"

startProcessing "me/noat/sexhack/client/manager/WurstplusCommandManager.java" md5: 54fda25ed493bff7410620da2e10941e
endProcessing "me/noat/sexhack/client/manager/WurstplusCommandManager.java"

startProcessing "me/noat/sexhack/client/manager/WurstplusConfigManager.java" md5: 3875a44cee1a8574e610c7bf7533969a
endProcessing "me/noat/sexhack/client/manager/WurstplusConfigManager.java"

startProcessing "me/noat/sexhack/client/manager/WurstplusEventManager.java" md5: 87807a9023f2d4d05fc5ab55ff3cca8c
endProcessing "me/noat/sexhack/client/manager/WurstplusEventManager.java"

startProcessing "me/noat/sexhack/client/manager/WurstplusHUDManager.java" md5: 79f5975263375a095e9f37478b280e5d
endProcessing "me/noat/sexhack/client/manager/WurstplusHUDManager.java"

startProcessing "me/noat/sexhack/client/manager/WurstplusModuleManager.java" md5: e5f3ba2397ec1cc5d74c0d30b0d41d4c
endProcessing "me/noat/sexhack/client/manager/WurstplusModuleManager.java"

startProcessing "me/noat/sexhack/client/manager/WurstplusSettingManager.java" md5: 08806caefdf113f244dc8d02726703b9
endProcessing "me/noat/sexhack/client/manager/WurstplusSettingManager.java"

startProcessing "me/noat/sexhack/client/util/CircleRenderUtil.java" md5: de68c76738373749ad74c7211ff8fdb7
endProcessing "me/noat/sexhack/client/util/CircleRenderUtil.java"

startProcessing "me/noat/sexhack/client/util/GameKiller.java" md5: 072d96f3c1952b667bc9bd085e0b0429
endProcessing "me/noat/sexhack/client/util/GameKiller.java"

startProcessing "me/noat/sexhack/client/util/HWIDUtil.java" md5: 63bbc01895160ebf37a9eee804d2fbec
endProcessing "me/noat/sexhack/client/util/HWIDUtil.java"

startProcessing "me/noat/sexhack/client/util/MappingUtil.java" md5: 5a017368c6e552a636653dd7f5c87fb4
endProcessing "me/noat/sexhack/client/util/MappingUtil.java"

startProcessing "me/noat/sexhack/client/util/WP3CrystalUtil.java" md5: 9f9dd68c2fda7d908a47bd2242761c64
endProcessing "me/noat/sexhack/client/util/WP3CrystalUtil.java"

startProcessing "me/noat/sexhack/client/util/WurstplusBlockInteractHelper.java" md5: 278a52845f8072b519467282ba626c6e
endProcessing "me/noat/sexhack/client/util/WurstplusBlockInteractHelper.java"

startProcessing "me/noat/sexhack/client/util/WurstplusBlockUtil.java" md5: 393cb5c185c7a0f4cfbb3614efccfbbe
endProcessing "me/noat/sexhack/client/util/WurstplusBlockUtil.java"

startProcessing "me/noat/sexhack/client/util/WurstplusBreakUtil.java" md5: c75430ceba520b3fe87add23575bab65
endProcessing "me/noat/sexhack/client/util/WurstplusBreakUtil.java"

startProcessing "me/noat/sexhack/client/util/WurstplusBurrowUtil.java" md5: ac30c818fedb0213ec6f1b4ba3ab7291
endProcessing "me/noat/sexhack/client/util/WurstplusBurrowUtil.java"

startProcessing "me/noat/sexhack/client/util/WurstplusCapeUtil.java" md5: 8217437e43c283f0acb5281ff1a476fe
endProcessing "me/noat/sexhack/client/util/WurstplusCapeUtil.java"

startProcessing "me/noat/sexhack/client/util/WurstplusChatSuffixUtil.java" md5: 2a9af8edea9806260812c2434dec6620
endProcessing "me/noat/sexhack/client/util/WurstplusChatSuffixUtil.java"

startProcessing "me/noat/sexhack/client/util/WurstplusCrystalPos.java" md5: 915e32d23e74c402b6a3ba6786a4d78c
endProcessing "me/noat/sexhack/client/util/WurstplusCrystalPos.java"

startProcessing "me/noat/sexhack/client/util/WurstplusCrystalUtil.java" md5: 530795559a964945270b7995c1c9c3a0
endProcessing "me/noat/sexhack/client/util/WurstplusCrystalUtil.java"

startProcessing "me/noat/sexhack/client/util/WurstplusDamageUtil.java" md5: b0d073a0c6d99539651e075f0cefa646
endProcessing "me/noat/sexhack/client/util/WurstplusDamageUtil.java"

startProcessing "me/noat/sexhack/client/util/WurstplusDiscordUtil.java" md5: ec2a99c4d6c664ce4951f1d1b5e1ddcf
endProcessing "me/noat/sexhack/client/util/WurstplusDiscordUtil.java"

startProcessing "me/noat/sexhack/client/util/WurstplusDrawnUtil.java" md5: da847f833b31f6911b9ba6109b8fef47
endProcessing "me/noat/sexhack/client/util/WurstplusDrawnUtil.java"

startProcessing "me/noat/sexhack/client/util/WurstplusEnemyUtil.java" md5: e08bd219bb7899a364b35c9d303a99f4
endProcessing "me/noat/sexhack/client/util/WurstplusEnemyUtil.java"

startProcessing "me/noat/sexhack/client/util/WurstplusEntityUtil.java" md5: bdae6109c4f5c4621b0159063ba23edc
endProcessing "me/noat/sexhack/client/util/WurstplusEntityUtil.java"

startProcessing "me/noat/sexhack/client/util/WurstplusEzMessageUtil.java" md5: 7e3c74d5a5537307f5ed1b0fefcca7a1
endProcessing "me/noat/sexhack/client/util/WurstplusEzMessageUtil.java"

startProcessing "me/noat/sexhack/client/util/WurstplusFriendUtil.java" md5: bc300dbb684188f7277b0c7d6ba639b1
endProcessing "me/noat/sexhack/client/util/WurstplusFriendUtil.java"

startProcessing "me/noat/sexhack/client/util/WurstplusMathUtil.java" md5: 7e4b46d030b618f6dd7fbdded8aa3c39
endProcessing "me/noat/sexhack/client/util/WurstplusMathUtil.java"

startProcessing "me/noat/sexhack/client/util/WurstplusMessageUtil.java" md5: 5d5b2f7088cd253ae072c2d80ea7d73e
endProcessing "me/noat/sexhack/client/util/WurstplusMessageUtil.java"

startProcessing "me/noat/sexhack/client/util/WurstplusMovementUtil.java" md5: 186510c4184a3f4cee8a8eee1108a12d
endProcessing "me/noat/sexhack/client/util/WurstplusMovementUtil.java"

startProcessing "me/noat/sexhack/client/util/WurstplusOnlineFriends.java" md5: 3c7521da4dad8de154a5fcd280f82a4b
endProcessing "me/noat/sexhack/client/util/WurstplusOnlineFriends.java"

startProcessing "me/noat/sexhack/client/util/WurstplusPair.java" md5: 3a2e7e27a5ea9a3eed6de53158ff6560
endProcessing "me/noat/sexhack/client/util/WurstplusPair.java"

startProcessing "me/noat/sexhack/client/util/WurstplusPlayerUtil.java" md5: c9943f8426ab69b48661eb28bc352e0f
endProcessing "me/noat/sexhack/client/util/WurstplusPlayerUtil.java"

startProcessing "me/noat/sexhack/client/util/WurstplusPosManager.java" md5: 29d74ad4a120c745a7efd25fa1e0f348
endProcessing "me/noat/sexhack/client/util/WurstplusPosManager.java"

startProcessing "me/noat/sexhack/client/util/WurstplusRenderUtil.java" md5: bf58e70399bac0b621b316fd838c6445
endProcessing "me/noat/sexhack/client/util/WurstplusRenderUtil.java"

startProcessing "me/noat/sexhack/client/util/WurstplusRotationUtil.java" md5: 55bd0221b56f4bd2daee3c8e7f42d1a4
endProcessing "me/noat/sexhack/client/util/WurstplusRotationUtil.java"

startProcessing "me/noat/sexhack/client/util/WurstplusSpeedUtil.java" md5: dff7bba23786b369ce6d4bb0b79ea436
endProcessing "me/noat/sexhack/client/util/WurstplusSpeedUtil.java"

startProcessing "me/noat/sexhack/client/util/WurstplusTabUtil.java" md5: 5ac276962d00115be683e34a5c134021
endProcessing "me/noat/sexhack/client/util/WurstplusTabUtil.java"

startProcessing "me/noat/sexhack/client/util/WurstplusTextureHelper.java" md5: 3a4fa140daf9770a849d82045b46f9aa
endProcessing "me/noat/sexhack/client/util/WurstplusTextureHelper.java"

startProcessing "me/noat/sexhack/client/util/WurstplusTimeUtil.java" md5: 70b30e6966b5282b7a418f84f96cc45f
endProcessing "me/noat/sexhack/client/util/WurstplusTimeUtil.java"

startProcessing "me/noat/sexhack/client/util/WurstplusTimer.java" md5: 7222376995e2a5d46c3e91aa94b5e0ff
endProcessing "me/noat/sexhack/client/util/WurstplusTimer.java"

startProcessing "me/noat/sexhack/client/util/WurstplusWatermarkHudUtil.java" md5: d3cdb0fc6c8176d0334344c96b8e5f68
endProcessing "me/noat/sexhack/client/util/WurstplusWatermarkHudUtil.java"

startProcessing "me/noat/sexhack/client/util/WurstplusWatermarkUtil.java" md5: ef9647f57ae8220a6bae4500ba4532eb
endProcessing "me/noat/sexhack/client/util/WurstplusWatermarkUtil.java"

startProcessing "me/noat/sexhack/client/util/hwidtrackutil/Tracker.java" md5: c07f3a0265bcb13c09d94c621f5c65bb
endProcessing "me/noat/sexhack/client/util/hwidtrackutil/Tracker.java"

startProcessing "me/noat/sexhack/client/util/hwidtrackutil/TrackerPlayer.java" md5: 7edb9abed5d3956e1f7d8d6af4cdbb07
endProcessing "me/noat/sexhack/client/util/hwidtrackutil/TrackerPlayer.java"

startProcessing "me/noat/sexhack/client/util/hwidtrackutil/TrackerPlayerBuilder.java" md5: 3c034e2f2797c3ff5f88a52d9a46c956
endProcessing "me/noat/sexhack/client/util/hwidtrackutil/TrackerPlayerBuilder.java"

startProcessing "me/noat/sexhack/client/util/hwidtrackutil/TrackerUUID.java" md5: 8853b3dc60379167caa1cc800bcbac79
endProcessing "me/noat/sexhack/client/util/hwidtrackutil/TrackerUUID.java"

startProcessing "me/noat/sexhack/client/util/hwidtrackutil/TrackerUtil.java" md5: 29fdcd455eb1e64611e11887bc42f3de
endProcessing "me/noat/sexhack/client/util/hwidtrackutil/TrackerUtil.java"

startProcessing "me/noat/sexhack/mixins/WurstplusMixinAbstractClientPlayer.java" md5: 28f6dc0d5157a3abec7dbccfab13cc7b
endProcessing "me/noat/sexhack/mixins/WurstplusMixinAbstractClientPlayer.java"

startProcessing "me/noat/sexhack/mixins/WurstplusMixinEntity.java" md5: 16bcd81ef661ea5569811e173c8617fe
endProcessing "me/noat/sexhack/mixins/WurstplusMixinEntity.java"

startProcessing "me/noat/sexhack/mixins/WurstplusMixinEntityRenderer.java" md5: bc7e6a711dfa6d4001e0030b03713b8e
endProcessing "me/noat/sexhack/mixins/WurstplusMixinEntityRenderer.java"

startProcessing "me/noat/sexhack/mixins/WurstplusMixinEntitySP.java" md5: d1f80a93476d372402d2eba504f0a6fb
endProcessing "me/noat/sexhack/mixins/WurstplusMixinEntitySP.java"

startProcessing "me/noat/sexhack/mixins/WurstplusMixinGuiNewChat.java" md5: ba132b0d6d3b51493c1a22164d95ea2e
endProcessing "me/noat/sexhack/mixins/WurstplusMixinGuiNewChat.java"

startProcessing "me/noat/sexhack/mixins/WurstplusMixinGuiPlayerTabOverlay.java" md5: 0f384b544f764623b65de18a11a6d7e7
endProcessing "me/noat/sexhack/mixins/WurstplusMixinGuiPlayerTabOverlay.java"

startProcessing "me/noat/sexhack/mixins/WurstplusMixinGuiScreen.java" md5: 3192bc211034714760a66ec883aa7522
endProcessing "me/noat/sexhack/mixins/WurstplusMixinGuiScreen.java"

startProcessing "me/noat/sexhack/mixins/WurstplusMixinItemRenderer.java" md5: 0c46eae30c687179b06f4cc4b6c9e4b9
endProcessing "me/noat/sexhack/mixins/WurstplusMixinItemRenderer.java"

startProcessing "me/noat/sexhack/mixins/WurstplusMixinLoader.java" md5: f7d9a87cd6e083fad5a9965b260b6171
endProcessing "me/noat/sexhack/mixins/WurstplusMixinLoader.java"

startProcessing "me/noat/sexhack/mixins/WurstplusMixinMinecraft.java" md5: 26289aad76674689b84102656e93c31d
endProcessing "me/noat/sexhack/mixins/WurstplusMixinMinecraft.java"

startProcessing "me/noat/sexhack/mixins/WurstplusMixinNetworkManager.java" md5: a8dc226a89be7fd4059b18bbe95c81db
endProcessing "me/noat/sexhack/mixins/WurstplusMixinNetworkManager.java"

startProcessing "me/noat/sexhack/mixins/WurstplusMixinPlayer.java" md5: db01e1b9e700225d81a85006e4fa5313
endProcessing "me/noat/sexhack/mixins/WurstplusMixinPlayer.java"

startProcessing "me/noat/sexhack/mixins/WurstplusMixinPlayerControllerMP.java" md5: 6efd4bcc25e2245bbe98276e70c33c68
endProcessing "me/noat/sexhack/mixins/WurstplusMixinPlayerControllerMP.java"

startProcessing "me/noat/sexhack/mixins/WurstplusMixinRenderLivingBase.java" md5: 03d2cde48b07e75edddaface899f430e
endProcessing "me/noat/sexhack/mixins/WurstplusMixinRenderLivingBase.java"

startProcessing "me/noat/sexhack/mixins/WurstplusMixinRenderPlayer.java" md5: be4d8f87d1e28cca6a019b4f2768229a
endProcessing "me/noat/sexhack/mixins/WurstplusMixinRenderPlayer.java"

startProcessing "me/noat/sexhack/mixins/WurstplusMixinWorld.java" md5: 4f1316c2c8b4c981effbf4b4c8221a32
endProcessing "me/noat/sexhack/mixins/WurstplusMixinWorld.java"

startProcessing "me/noat/turok/Turok.java" md5: 1c527a769accecce0273921f25d710c5
endProcessing "me/noat/turok/Turok.java"

startProcessing "me/noat/turok/draw/GL.java" md5: 0a718dfe5aa3f48c6c00a693e009b577
endProcessing "me/noat/turok/draw/GL.java"

startProcessing "me/noat/turok/draw/RenderHelp.java" md5: f69577bc9b06db426bfd0c5ec218406c
endProcessing "me/noat/turok/draw/RenderHelp.java"

startProcessing "me/noat/turok/task/Font.java" md5: cadb13d5a96151d860d4a48e52865cc3
endProcessing "me/noat/turok/task/Font.java"

startProcessing "me/noat/turok/task/Rect.java" md5: 569fc7f63d926a32f526aab3364bdc3b
endProcessing "me/noat/turok/task/Rect.java"

startProcessing "me/noat/turok/values/TurokBoolean.java" md5: 7e3f80ef5b3bb39bb6fffc0ace0143c7
endProcessing "me/noat/turok/values/TurokBoolean.java"

startProcessing "me/noat/turok/values/TurokDouble.java" md5: 9dc72fe537e7173a0812e3f715c9da2b
endProcessing "me/noat/turok/values/TurokDouble.java"

startProcessing "me/noat/turok/values/TurokEnum.java" md5: 3c796307d5aefdc773a53afb35b729f5
endProcessing "me/noat/turok/values/TurokEnum.java"

startProcessing "me/noat/turok/values/TurokFloat.java" md5: 0b1ff4d536f9ddd9ed4e0b0cb7f66cb5
endProcessing "me/noat/turok/values/TurokFloat.java"

startProcessing "me/noat/turok/values/TurokGeneric.java" md5: fc1e548944519703d02923ef0e152a9e
endProcessing "me/noat/turok/values/TurokGeneric.java"

startProcessing "me/noat/turok/values/TurokInt.java" md5: 0c2401d9e44fea7a3aec3af88ec9748b
endProcessing "me/noat/turok/values/TurokInt.java"

startProcessing "me/noat/turok/values/TurokString.java" md5: 88e2c8696bd459f00692c74b4df27bb2
endProcessing "me/noat/turok/values/TurokString.java"

