#
# A fatal error has been detected by the Java Runtime Environment:
#
#  EXCEPTION_ACCESS_VIOLATION (0xc0000005) at pc=0x00000234c56f1066, pid=10960, tid=0x0000000000000e20
#
# JRE version: OpenJDK Runtime Environment (8.0_292-b10) (build 1.8.0_292-b10)
# Java VM: OpenJDK 64-Bit Server VM (25.292-b10 mixed mode windows-amd64 compressed oops)
# Problematic frame:
# C  [OpenAL64.dll+0x11066]
#
# Failed to write core dump. Minidumps are not enabled by default on client versions of Windows
#
# If you would like to submit a bug report, please visit:
#   https://github.com/AdoptOpenJDK/openjdk-support/issues
# The crash happened outside the Java Virtual Machine in native code.
# See problematic frame for where to report the bug.
#

---------------  T H R E A D  ---------------

Current thread (0x00000234b872f800):  JavaThread "Thread-5" [_thread_in_native, id=3616, stack(0x0000006982300000,0x0000006982400000)]

siginfo: ExceptionCode=0xc0000005, reading address 0x00000234b8e28004

Registers:
RAX=0x0000000000000004, RBX=0x00000234c5c00090, RCX=0x00000234b8e28008, RDX=0x00000234b8e28004
RSP=0x00000069823fe960, RBP=0x00000000000000ff, RSI=0x00000234b8e27e0c, RDI=0x0000000000000000
R8 =0x000000000000007e, R9 =0x00000234b8e27e0c, R10=0x0000023496589c62, R11=0x0000000072441450
R12=0x0000000000000001, R13=0x00000234c5a68060, R14=0x00000069823feaf8, R15=0x00000234b872f800
RIP=0x00000234c56f1066, EFLAGS=0x0000000000010202

Top of Stack: (sp=0x00000069823fe960)
0x00000069823fe960:   0000000000000000 00000234b872f800
0x00000069823fe970:   00000234c5a68060 00000234b872f800
0x00000069823fe980:   00000069823feaf8 00000234c5a68060
0x00000069823fe990:   00000234b872f800 00000234b8e190f0
0x00000069823fe9a0:   00000234c5a68060 0000000000000000
0x00000069823fe9b0:   00000234b89b4710 00000000722da125
0x00000069823fe9c0:   00000069823ff160 00000234b537b500
0x00000069823fe9d0:   00000234b872f800 00000069823feaf8
0x00000069823fe9e0:   00000234c5a68060 0000000000000000
0x00000069823fe9f0:   00000234b8e27e0c 00000006c1c11ba0
0x00000069823fea00:   00000069823feac0 00000234c56f248f
0x00000069823fea10:   00000234c5c00090 00000234c5c00090
0x00000069823fea20:   000000060000ac44 0000023400000004
0x00000069823fea30:   0000000000000010 0000023496589c8e
0x00000069823fea40:   00000234c5a68060 0000023496589985
0x00000069823fea50:   00000234b872f800 00000234c5a68060 

Instructions: (pc=0x00000234c56f1066)
0x00000234c56f1046:   41 2b ec 81 3a 03 00 02 00 75 09 8b 01 89 84 24
0x00000234c56f1056:   c8 00 00 00 49 83 c0 02 48 83 c1 08 4a 8d 14 86
0x00000234c56f1066:   39 3a 75 af 4c 8d 84 24 c0 00 00 00 48 8d 15 d7
0x00000234c56f1076:   2b 03 00 33 c9 e8 58 5f 00 00 b8 40 1f 00 00 4c 


Register to memory mapping:

RAX=0x0000000000000004 is an unknown value
RBX=0x00000234c5c00090 is an unknown value
RCX=0x00000234b8e28008 is an unknown value
RDX=0x00000234b8e28004 is an unknown value
RSP=0x00000069823fe960 is pointing into the stack for thread: 0x00000234b872f800
RBP=0x00000000000000ff is an unknown value
RSI=0x00000234b8e27e0c is an unknown value
RDI=0x0000000000000000 is an unknown value
R8 =0x000000000000007e is an unknown value
R9 =0x00000234b8e27e0c is an unknown value
R10=0x0000023496589c62 is at code_begin+962 in an Interpreter codelet
method entry point (kind = native)  [0x00000234965898a0, 0x000002349658a340]  2720 bytes
R11=0x0000000072441450 is an unknown value
R12=0x0000000000000001 is an unknown value
R13={method} {0x00000234c5a68068} 'nalcCreateContext' '(JJ)J' in 'org/lwjgl/openal/ALC10'
R14=0x00000069823feaf8 is pointing into the stack for thread: 0x00000234b872f800
R15=0x00000234b872f800 is a thread


Stack: [0x0000006982300000,0x0000006982400000],  sp=0x00000069823fe960,  free space=1018k
Native frames: (J=compiled Java code, j=interpreted, Vv=VM code, C=native code)
C  [OpenAL64.dll+0x11066]
C  [OpenAL64.dll+0x1248f]
C  0x0000023496589c8e

Java frames: (J=compiled Java code, j=interpreted, Vv=VM code)
j  org.lwjgl.openal.ALC10.nalcCreateContext(JJ)J+0
j  org.lwjgl.openal.ALC10.alcCreateContext(Lorg/lwjgl/openal/ALCdevice;Ljava/nio/IntBuffer;)Lorg/lwjgl/openal/ALCcontext;+8
j  org.lwjgl.openal.AL.init(Ljava/lang/String;IIZZ)V+69
j  org.lwjgl.openal.AL.create(Ljava/lang/String;IIZZ)V+246
j  org.lwjgl.openal.AL.create(Ljava/lang/String;IIZ)V+5
j  org.lwjgl.openal.AL.create()V+6
j  paulscode.sound.libraries.LibraryLWJGLOpenAL.init()V+2
j  paulscode.sound.SoundSystem.CommandNewLibrary(Ljava/lang/Class;)V+273
j  paulscode.sound.SoundSystem.CommandQueue(Lpaulscode/sound/CommandObject;)Z+1206
j  paulscode.sound.CommandThread.run()V+51
v  ~StubRoutines::call_stub

---------------  P R O C E S S  ---------------

Java Threads: ( => current thread )
  0x00000234b8731000 JavaThread "Thread-6" [_thread_blocked, id=236, stack(0x0000006982400000,0x0000006982500000)]
=>0x00000234b872f800 JavaThread "Thread-5" [_thread_in_native, id=3616, stack(0x0000006982300000,0x0000006982400000)]
  0x00000234b58b0000 JavaThread "Sound Library Loader" [_thread_blocked, id=8840, stack(0x0000006982100000,0x0000006982200000)]
  0x00000234b58b1800 JavaThread "Keep-Alive-Timer" daemon [_thread_blocked, id=1844, stack(0x0000006982200000,0x0000006982300000)]
  0x00000234b58b0800 JavaThread "LWJGL Timer" daemon [_thread_blocked, id=5632, stack(0x0000006982000000,0x0000006982100000)]
  0x00000234b58b5800 JavaThread "Thread-3" [_thread_blocked, id=2876, stack(0x0000006981f00000,0x0000006982000000)]
  0x00000234b86b3000 JavaThread "Java2D Disposer" daemon [_thread_blocked, id=5036, stack(0x0000006981800000,0x0000006981900000)]
  0x00000234b6b0b000 JavaThread "Timer hack thread" daemon [_thread_blocked, id=12932, stack(0x0000006981700000,0x0000006981800000)]
  0x00000234b2b52800 JavaThread "Snooper Timer" daemon [_thread_blocked, id=9408, stack(0x0000006981600000,0x0000006981700000)]
  0x00000234b1b51000 JavaThread "Service Thread" daemon [_thread_blocked, id=10944, stack(0x0000006981400000,0x0000006981500000)]
  0x00000234b1b1f000 JavaThread "C1 CompilerThread3" daemon [_thread_blocked, id=14020, stack(0x0000006981300000,0x0000006981400000)]
  0x00000234b1b1e000 JavaThread "C2 CompilerThread2" daemon [_thread_in_native, id=632, stack(0x0000006981200000,0x0000006981300000)]
  0x00000234b1b1a000 JavaThread "C2 CompilerThread1" daemon [_thread_blocked, id=2116, stack(0x0000006981100000,0x0000006981200000)]
  0x00000234b1b17800 JavaThread "C2 CompilerThread0" daemon [_thread_blocked, id=7348, stack(0x0000006981000000,0x0000006981100000)]
  0x00000234b1b14800 JavaThread "Monitor Ctrl-Break" daemon [_thread_in_native, id=1584, stack(0x0000006980f00000,0x0000006981000000)]
  0x00000234af898000 JavaThread "Attach Listener" daemon [_thread_blocked, id=6016, stack(0x0000006980e00000,0x0000006980f00000)]
  0x00000234af8e6800 JavaThread "Signal Dispatcher" daemon [_thread_blocked, id=11232, stack(0x0000006980d00000,0x0000006980e00000)]
  0x00000234af86e000 JavaThread "Finalizer" daemon [_thread_blocked, id=10084, stack(0x0000006980c00000,0x0000006980d00000)]
  0x00000234af85f000 JavaThread "Reference Handler" daemon [_thread_blocked, id=4628, stack(0x0000006980b00000,0x0000006980c00000)]
  0x0000023494c85000 JavaThread "Client thread" [_thread_in_native, id=13444, stack(0x0000006980100000,0x0000006980200000)]

Other Threads:
  0x00000234af835000 VMThread [stack: 0x0000006980a00000,0x0000006980b00000] [id=12616]
  0x00000234b1b52000 WatcherThread [stack: 0x0000006981500000,0x0000006981600000] [id=14180]

VM state:not at safepoint (normal execution)

VM Mutex/Monitor currently owned by a thread: None

heap address: 0x00000006c1c00000, size: 4068 MB, Compressed Oops mode: Zero based, Oop shift amount: 3
Narrow klass base: 0x0000000000000000, Narrow klass shift: 3
Compressed class space size: 1073741824 Address: 0x00000007c0000000

Heap:
 PSYoungGen      total 792064K, used 297498K [0x000000076b400000, 0x00000007b3000000, 0x00000007c0000000)
  eden space 746496K, 33% used [0x000000076b400000,0x000000077aa08818,0x0000000798d00000)
  from space 45568K, 99% used [0x0000000798d00000,0x000000079b97e2b8,0x000000079b980000)
  to   space 62976K, 0% used [0x00000007af280000,0x00000007af280000,0x00000007b3000000)
 ParOldGen       total 217600K, used 106186K [0x00000006c1c00000, 0x00000006cf080000, 0x000000076b400000)
  object space 217600K, 48% used [0x00000006c1c00000,0x00000006c83b2910,0x00000006cf080000)
 Metaspace       used 62288K, capacity 62658K, committed 63064K, reserved 1103872K
  class space    used 9141K, capacity 9302K, committed 9344K, reserved 1048576K

Card table byte_map: [0x00000234a5930000,0x00000234a6130000] byte_map_base: 0x00000234a2322000

Marking Bits: (ParMarkBitMap*) 0x0000000072a2c820
 Begin Bits: [0x00000234a6680000, 0x00000234aa610000)
 End Bits:   [0x00000234aa610000, 0x00000234ae5a0000)

Polling page: 0x0000023496540000

CodeCache: size=245760Kb used=16586Kb max_used=16586Kb free=229174Kb
 bounds [0x0000023496570000, 0x00000234975c0000, 0x00000234a5570000]
 total_blobs=4973 nmethods=4269 adapters=616
 compilation: enabled

Compilation events (10 events):
Event: 14.259 Thread 0x00000234b1b1f000 5430       3       com.google.common.collect.AbstractMapEntry::hashCode (36 bytes)
Event: 14.260 Thread 0x00000234b1b1f000 nmethod 5430 0x0000023497586a90 code [0x0000023497586c40, 0x0000023497587160]
Event: 14.260 Thread 0x00000234b1b1f000 5431       1       net.minecraft.block.state.BlockStateContainer$StateImplementation::getBlock (5 bytes)
Event: 14.260 Thread 0x00000234b1b1f000 nmethod 5431 0x00000234975872d0 code [0x0000023497587420, 0x0000023497587538]
Event: 14.260 Thread 0x00000234b1b1f000 5432       1       net.minecraft.block.state.BlockStateContainer$StateImplementation::getProperties (5 bytes)
Event: 14.260 Thread 0x00000234b1b1f000 nmethod 5432 0x0000023497587590 code [0x00000234975876e0, 0x00000234975877f8]
Event: 14.263 Thread 0x00000234b1b17800 nmethod 5414 0x000002349758ac90 code [0x000002349758ae20, 0x000002349758b670]
Event: 14.263 Thread 0x00000234b1b17800 5429       4       com.google.gson.JsonPrimitive::isPrimitiveOrString (55 bytes)
Event: 14.265 Thread 0x00000234b1b17800 nmethod 5429 0x0000023497587850 code [0x00000234975879a0, 0x0000023497587c18]
Event: 14.266 Thread 0x00000234b1b1a000 nmethod 5424 0x000002349758bb90 code [0x000002349758bee0, 0x000002349758c8b8]

GC Heap History (10 events):
Event: 5.786 GC heap before
{Heap before GC invocations=13 (full 3):
 PSYoungGen      total 357888K, used 357857K [0x000000076b400000, 0x0000000795800000, 0x00000007c0000000)
  eden space 336384K, 100% used [0x000000076b400000,0x000000077fc80000,0x000000077fc80000)
  from space 21504K, 99% used [0x000000077fc80000,0x0000000781178408,0x0000000781180000)
  to   space 34816K, 0% used [0x0000000793600000,0x0000000793600000,0x0000000795800000)
 ParOldGen       total 103936K, used 46012K [0x00000006c1c00000, 0x00000006c8180000, 0x000000076b400000)
  object space 103936K, 44% used [0x00000006c1c00000,0x00000006c48ef0f0,0x00000006c8180000)
 Metaspace       used 43497K, capacity 43763K, committed 44248K, reserved 1087488K
  class space    used 6434K, capacity 6531K, committed 6656K, reserved 1048576K
Event: 5.806 GC heap after
Heap after GC invocations=13 (full 3):
 PSYoungGen      total 539136K, used 34814K [0x000000076b400000, 0x0000000795800000, 0x00000007c0000000)
  eden space 504320K, 0% used [0x000000076b400000,0x000000076b400000,0x000000078a080000)
  from space 34816K, 99% used [0x0000000793600000,0x00000007957ff808,0x0000000795800000)
  to   space 44544K, 0% used [0x0000000790100000,0x0000000790100000,0x0000000792c80000)
 ParOldGen       total 103936K, used 56567K [0x00000006c1c00000, 0x00000006c8180000, 0x000000076b400000)
  object space 103936K, 54% used [0x00000006c1c00000,0x00000006c533df68,0x00000006c8180000)
 Metaspace       used 43497K, capacity 43763K, committed 44248K, reserved 1087488K
  class space    used 6434K, capacity 6531K, committed 6656K, reserved 1048576K
}
Event: 7.227 GC heap before
{Heap before GC invocations=14 (full 3):
 PSYoungGen      total 539136K, used 539134K [0x000000076b400000, 0x0000000795800000, 0x00000007c0000000)
  eden space 504320K, 100% used [0x000000076b400000,0x000000078a080000,0x000000078a080000)
  from space 34816K, 99% used [0x0000000793600000,0x00000007957ff808,0x0000000795800000)
  to   space 44544K, 0% used [0x0000000790100000,0x0000000790100000,0x0000000792c80000)
 ParOldGen       total 103936K, used 56567K [0x00000006c1c00000, 0x00000006c8180000, 0x000000076b400000)
  object space 103936K, 54% used [0x00000006c1c00000,0x00000006c533df68,0x00000006c8180000)
 Metaspace       used 47380K, capacity 47545K, committed 47960K, reserved 1089536K
  class space    used 7171K, capacity 7238K, committed 7296K, reserved 1048576K
Event: 7.253 GC heap after
Heap after GC invocations=14 (full 3):
 PSYoungGen      total 647680K, used 25418K [0x000000076b400000, 0x000000079e580000, 0x00000007c0000000)
  eden space 603136K, 0% used [0x000000076b400000,0x000000076b400000,0x0000000790100000)
  from space 44544K, 57% used [0x0000000790100000,0x00000007919d2978,0x0000000792c80000)
  to   space 45056K, 0% used [0x000000079b980000,0x000000079b980000,0x000000079e580000)
 ParOldGen       total 103936K, used 89326K [0x00000006c1c00000, 0x00000006c8180000, 0x000000076b400000)
  object space 103936K, 85% used [0x00000006c1c00000,0x00000006c733b9f8,0x00000006c8180000)
 Metaspace       used 47380K, capacity 47545K, committed 47960K, reserved 1089536K
  class space    used 7171K, capacity 7238K, committed 7296K, reserved 1048576K
}
Event: 7.253 GC heap before
{Heap before GC invocations=15 (full 4):
 PSYoungGen      total 647680K, used 25418K [0x000000076b400000, 0x000000079e580000, 0x00000007c0000000)
  eden space 603136K, 0% used [0x000000076b400000,0x000000076b400000,0x0000000790100000)
  from space 44544K, 57% used [0x0000000790100000,0x00000007919d2978,0x0000000792c80000)
  to   space 45056K, 0% used [0x000000079b980000,0x000000079b980000,0x000000079e580000)
 ParOldGen       total 103936K, used 89326K [0x00000006c1c00000, 0x00000006c8180000, 0x000000076b400000)
  object space 103936K, 85% used [0x00000006c1c00000,0x00000006c733b9f8,0x00000006c8180000)
 Metaspace       used 47380K, capacity 47545K, committed 47960K, reserved 1089536K
  class space    used 7171K, capacity 7238K, committed 7296K, reserved 1048576K
Event: 7.339 GC heap after
Heap after GC invocations=15 (full 4):
 PSYoungGen      total 647680K, used 0K [0x000000076b400000, 0x000000079e580000, 0x00000007c0000000)
  eden space 603136K, 0% used [0x000000076b400000,0x000000076b400000,0x0000000790100000)
  from space 44544K, 0% used [0x0000000790100000,0x0000000790100000,0x0000000792c80000)
  to   space 45056K, 0% used [0x000000079b980000,0x000000079b980000,0x000000079e580000)
 ParOldGen       total 217600K, used 80039K [0x00000006c1c00000, 0x00000006cf080000, 0x000000076b400000)
  object space 217600K, 36% used [0x00000006c1c00000,0x00000006c6a29f48,0x00000006cf080000)
 Metaspace       used 47380K, capacity 47545K, committed 47960K, reserved 1089536K
  class space    used 7171K, capacity 7238K, committed 7296K, reserved 1048576K
}
Event: 9.187 GC heap before
{Heap before GC invocations=16 (full 4):
 PSYoungGen      total 647680K, used 603136K [0x000000076b400000, 0x000000079e580000, 0x00000007c0000000)
  eden space 603136K, 100% used [0x000000076b400000,0x0000000790100000,0x0000000790100000)
  from space 44544K, 0% used [0x0000000790100000,0x0000000790100000,0x0000000792c80000)
  to   space 45056K, 0% used [0x000000079b980000,0x000000079b980000,0x000000079e580000)
 ParOldGen       total 217600K, used 80039K [0x00000006c1c00000, 0x00000006cf080000, 0x000000076b400000)
  object space 217600K, 36% used [0x00000006c1c00000,0x00000006c6a29f48,0x00000006cf080000)
 Metaspace       used 54953K, capacity 55320K, committed 55768K, reserved 1097728K
  class space    used 8260K, capacity 8391K, committed 8448K, reserved 1048576K
Event: 9.202 GC heap after
Heap after GC invocations=16 (full 4):
 PSYoungGen      total 791552K, used 26017K [0x000000076b400000, 0x00000007a5800000, 0x00000007c0000000)
  eden space 746496K, 0% used [0x000000076b400000,0x000000076b400000,0x0000000798d00000)
  from space 45056K, 57% used [0x000000079b980000,0x000000079d2e8600,0x000000079e580000)
  to   space 45568K, 0% used [0x0000000798d00000,0x0000000798d00000,0x000000079b980000)
 ParOldGen       total 217600K, used 80047K [0x00000006c1c00000, 0x00000006cf080000, 0x000000076b400000)
  object space 217600K, 36% used [0x00000006c1c00000,0x00000006c6a2bf48,0x00000006cf080000)
 Metaspace       used 54953K, capacity 55320K, committed 55768K, reserved 1097728K
  class space    used 8260K, capacity 8391K, committed 8448K, reserved 1048576K
}
Event: 12.681 GC heap before
{Heap before GC invocations=17 (full 4):
 PSYoungGen      total 791552K, used 772513K [0x000000076b400000, 0x00000007a5800000, 0x00000007c0000000)
  eden space 746496K, 100% used [0x000000076b400000,0x0000000798d00000,0x0000000798d00000)
  from space 45056K, 57% used [0x000000079b980000,0x000000079d2e8600,0x000000079e580000)
  to   space 45568K, 0% used [0x0000000798d00000,0x0000000798d00000,0x000000079b980000)
 ParOldGen       total 217600K, used 80047K [0x00000006c1c00000, 0x00000006cf080000, 0x000000076b400000)
  object space 217600K, 36% used [0x00000006c1c00000,0x00000006c6a2bf48,0x00000006cf080000)
 Metaspace       used 61118K, capacity 61556K, committed 62168K, reserved 1101824K
  class space    used 9024K, capacity 9171K, committed 9216K, reserved 1048576K
Event: 12.717 GC heap after
Heap after GC invocations=17 (full 4):
 PSYoungGen      total 792064K, used 45560K [0x000000076b400000, 0x00000007b3000000, 0x00000007c0000000)
  eden space 746496K, 0% used [0x000000076b400000,0x000000076b400000,0x0000000798d00000)
  from space 45568K, 99% used [0x0000000798d00000,0x000000079b97e2b8,0x000000079b980000)
  to   space 62976K, 0% used [0x00000007af280000,0x00000007af280000,0x00000007b3000000)
 ParOldGen       total 217600K, used 106186K [0x00000006c1c00000, 0x00000006cf080000, 0x000000076b400000)
  object space 217600K, 48% used [0x00000006c1c00000,0x00000006c83b2910,0x00000006cf080000)
 Metaspace       used 61118K, capacity 61556K, committed 62168K, reserved 1101824K
  class space    used 9024K, capacity 9171K, committed 9216K, reserved 1048576K
}

Deoptimization events (10 events):
Event: 14.177 Thread 0x0000023494c85000 Uncommon trap: reason=bimorphic action=maybe_recompile pc=0x0000023496ebef7c method=java.lang.StringCoding$StringDecoder.charsetName()Ljava/lang/String; @ 17
Event: 14.182 Thread 0x0000023494c85000 Uncommon trap: reason=unstable_if action=reinterpret pc=0x00000234967f5784 method=java.util.LinkedHashMap.get(Ljava/lang/Object;)Ljava/lang/Object; @ 20
Event: 14.193 Thread 0x0000023494c85000 Uncommon trap: reason=speculate_class_check action=maybe_recompile pc=0x00000234971bf8e8 method=java.util.HashMap.removeNode(ILjava/lang/Object;Ljava/lang/Object;ZZ)Ljava/util/HashMap$Node; @ 283
Event: 14.193 Thread 0x0000023494c85000 Uncommon trap: reason=speculate_class_check action=maybe_recompile pc=0x00000234971bf8e8 method=java.util.HashMap.removeNode(ILjava/lang/Object;Ljava/lang/Object;ZZ)Ljava/util/HashMap$Node; @ 283
Event: 14.193 Thread 0x0000023494c85000 Uncommon trap: reason=speculate_class_check action=maybe_recompile pc=0x00000234971bf8e8 method=java.util.HashMap.removeNode(ILjava/lang/Object;Ljava/lang/Object;ZZ)Ljava/util/HashMap$Node; @ 283
Event: 14.193 Thread 0x0000023494c85000 Uncommon trap: reason=speculate_class_check action=maybe_recompile pc=0x00000234971bf8e8 method=java.util.HashMap.removeNode(ILjava/lang/Object;Ljava/lang/Object;ZZ)Ljava/util/HashMap$Node; @ 283
Event: 14.193 Thread 0x0000023494c85000 Uncommon trap: reason=bimorphic action=maybe_recompile pc=0x00000234971d6878 method=java.util.HashMap.removeNode(ILjava/lang/Object;Ljava/lang/Object;ZZ)Ljava/util/HashMap$Node; @ 283
Event: 14.193 Thread 0x0000023494c85000 Uncommon trap: reason=bimorphic action=maybe_recompile pc=0x00000234971d6878 method=java.util.HashMap.removeNode(ILjava/lang/Object;Ljava/lang/Object;ZZ)Ljava/util/HashMap$Node; @ 283
Event: 14.193 Thread 0x0000023494c85000 Uncommon trap: reason=bimorphic action=maybe_recompile pc=0x00000234971d6878 method=java.util.HashMap.removeNode(ILjava/lang/Object;Ljava/lang/Object;ZZ)Ljava/util/HashMap$Node; @ 283
Event: 14.193 Thread 0x0000023494c85000 Uncommon trap: reason=bimorphic action=maybe_recompile pc=0x00000234971d6878 method=java.util.HashMap.removeNode(ILjava/lang/Object;Ljava/lang/Object;ZZ)Ljava/util/HashMap$Node; @ 283

Classes redefined (0 events):
No events

Internal exceptions (10 events):
Event: 14.254 Thread 0x00000234b872f800 Exception <a 'org/lwjgl/LWJGLException'> (0x000000077992b680) thrown at [C:\Jenkins\temp\workspace\build\src\hotspot\src\share\vm\prims\jni.cpp, line 711]
Event: 14.254 Thread 0x00000234b872f800 Exception <a 'org/lwjgl/LWJGLException'> (0x000000077992bc78) thrown at [C:\Jenkins\temp\workspace\build\src\hotspot\src\share\vm\prims\jni.cpp, line 711]
Event: 14.254 Thread 0x00000234b872f800 Exception <a 'org/lwjgl/LWJGLException'> (0x000000077992c308) thrown at [C:\Jenkins\temp\workspace\build\src\hotspot\src\share\vm\prims\jni.cpp, line 711]
Event: 14.254 Thread 0x00000234b872f800 Exception <a 'org/lwjgl/LWJGLException'> (0x000000077992ca18) thrown at [C:\Jenkins\temp\workspace\build\src\hotspot\src\share\vm\prims\jni.cpp, line 711]
Event: 14.254 Thread 0x00000234b872f800 Exception <a 'org/lwjgl/LWJGLException'> (0x000000077992d140) thrown at [C:\Jenkins\temp\workspace\build\src\hotspot\src\share\vm\prims\jni.cpp, line 711]
Event: 14.254 Thread 0x00000234b872f800 Exception <a 'org/lwjgl/LWJGLException'> (0x000000077992d7f0) thrown at [C:\Jenkins\temp\workspace\build\src\hotspot\src\share\vm\prims\jni.cpp, line 711]
Event: 14.254 Thread 0x00000234b872f800 Exception <a 'org/lwjgl/LWJGLException'> (0x000000077992de60) thrown at [C:\Jenkins\temp\workspace\build\src\hotspot\src\share\vm\prims\jni.cpp, line 711]
Event: 14.255 Thread 0x00000234b872f800 Exception <a 'org/lwjgl/LWJGLException'> (0x000000077992e410) thrown at [C:\Jenkins\temp\workspace\build\src\hotspot\src\share\vm\prims\jni.cpp, line 711]
Event: 14.268 Thread 0x0000023494c85000 NullPointerException at vtable entry 0x00000234968ca9e8
Event: 14.268 Thread 0x0000023494c85000 Exception <a 'java/lang/NullPointerException'> (0x0000000779f687c8) thrown at [C:\Jenkins\temp\workspace\build\src\hotspot\src\share\vm\runtime\sharedRuntime.cpp, line 609]

Events (10 events):
Event: 14.268 loading class org/lwjgl/openal/ALCdevice
Event: 14.268 loading class org/lwjgl/openal/ALCdevice done
Event: 14.268 loading class org/lwjgl/openal/ALCcontext
Event: 14.268 loading class org/lwjgl/openal/ALCcontext done
Event: 14.269 loading class org/lwjgl/openal/Util
Event: 14.269 loading class org/lwjgl/openal/Util done
Event: 14.269 loading class org/lwjgl/openal/OpenALException
Event: 14.269 loading class org/lwjgl/openal/OpenALException done
Event: 14.269 loading class net/minecraftforge/common/util/JsonUtils$ImmutableMapTypeAdapter
Event: 14.269 loading class net/minecraftforge/common/util/JsonUtils$ImmutableMapTypeAdapter done


Dynamic libraries:
0x00007ff7e06d0000 - 0x00007ff7e070a000 	C:\Program Files\AdoptOpenJDK\jdk-8.0.292.10-hotspot\bin\java.exe
0x00007ffcfd490000 - 0x00007ffcfd685000 	C:\WINDOWS\SYSTEM32\ntdll.dll
0x00007ffcfb4f0000 - 0x00007ffcfb5ad000 	C:\WINDOWS\System32\KERNEL32.DLL
0x00007ffcfad60000 - 0x00007ffcfb029000 	C:\WINDOWS\System32\KERNELBASE.dll
0x00007ffcfb820000 - 0x00007ffcfb8cc000 	C:\WINDOWS\System32\ADVAPI32.dll
0x00007ffcfcca0000 - 0x00007ffcfcd3e000 	C:\WINDOWS\System32\msvcrt.dll
0x00007ffcfc330000 - 0x00007ffcfc3cb000 	C:\WINDOWS\System32\sechost.dll
0x00007ffcfb660000 - 0x00007ffcfb78a000 	C:\WINDOWS\System32\RPCRT4.dll
0x00007ffcfc900000 - 0x00007ffcfcaa0000 	C:\WINDOWS\System32\USER32.dll
0x00007ffcfb340000 - 0x00007ffcfb362000 	C:\WINDOWS\System32\win32u.dll
0x00007ffcfc0a0000 - 0x00007ffcfc0ca000 	C:\WINDOWS\System32\GDI32.dll
0x00007ffcfabf0000 - 0x00007ffcfacfb000 	C:\WINDOWS\System32\gdi32full.dll
0x00007ffcfb450000 - 0x00007ffcfb4ed000 	C:\WINDOWS\System32\msvcp_win.dll
0x00007ffcfb240000 - 0x00007ffcfb340000 	C:\WINDOWS\System32\ucrtbase.dll
0x00007ffce5ae0000 - 0x00007ffce5d7a000 	C:\WINDOWS\WinSxS\amd64_microsoft.windows.common-controls_6595b64144ccf1df_6.0.19041.1110_none_60b5254171f9507e\COMCTL32.dll
0x00007ffcfb5b0000 - 0x00007ffcfb5e0000 	C:\WINDOWS\System32\IMM32.DLL
0x00007ffc9ebe0000 - 0x00007ffc9eccf000 	C:\Program Files\AdoptOpenJDK\jdk-8.0.292.10-hotspot\jre\bin\msvcr120.dll
0x00007ffcd60b0000 - 0x00007ffcd6156000 	C:\Program Files\AdoptOpenJDK\jdk-8.0.292.10-hotspot\jre\bin\msvcp120.dll
0x0000000072240000 - 0x0000000072aab000 	C:\Program Files\AdoptOpenJDK\jdk-8.0.292.10-hotspot\jre\bin\server\jvm.dll
0x00007ffcfb7a0000 - 0x00007ffcfb7a8000 	C:\WINDOWS\System32\PSAPI.DLL
0x00007ffcf7f20000 - 0x00007ffcf7f29000 	C:\WINDOWS\SYSTEM32\WSOCK32.dll
0x00007ffce5f30000 - 0x00007ffce5f57000 	C:\WINDOWS\SYSTEM32\WINMM.dll
0x00007ffcee9e0000 - 0x00007ffcee9ea000 	C:\WINDOWS\SYSTEM32\VERSION.dll
0x00007ffcfb7b0000 - 0x00007ffcfb81b000 	C:\WINDOWS\System32\WS2_32.dll
0x00007ffcf40c0000 - 0x00007ffcf40cf000 	C:\Program Files\AdoptOpenJDK\jdk-8.0.292.10-hotspot\jre\bin\verify.dll
0x00007ffcd6190000 - 0x00007ffcd61b9000 	C:\Program Files\AdoptOpenJDK\jdk-8.0.292.10-hotspot\jre\bin\java.dll
0x00007ffcd1e90000 - 0x00007ffcd1eba000 	C:\Program Files\AdoptOpenJDK\jdk-8.0.292.10-hotspot\jre\bin\instrument.dll
0x00007ffcd6220000 - 0x00007ffcd6236000 	C:\Program Files\AdoptOpenJDK\jdk-8.0.292.10-hotspot\jre\bin\zip.dll
0x00007ffcfb960000 - 0x00007ffcfc09f000 	C:\WINDOWS\System32\SHELL32.dll
0x00007ffcf8cb0000 - 0x00007ffcf9440000 	C:\WINDOWS\SYSTEM32\windows.storage.dll
0x00007ffcfcfa0000 - 0x00007ffcfd2f5000 	C:\WINDOWS\System32\combase.dll
0x00007ffcfa620000 - 0x00007ffcfa64c000 	C:\WINDOWS\SYSTEM32\Wldp.dll
0x00007ffcfc3d0000 - 0x00007ffcfc47e000 	C:\WINDOWS\System32\SHCORE.dll
0x00007ffcfcb80000 - 0x00007ffcfcbd5000 	C:\WINDOWS\System32\shlwapi.dll
0x00007ffcfab00000 - 0x00007ffcfab1f000 	C:\WINDOWS\SYSTEM32\profapi.dll
0x00007ffcd5960000 - 0x00007ffcd597a000 	D:\Programs\IntelliJ\IntelliJ IDEA Community Edition 2021.1.1\bin\breakgen64.dll
0x00007ffcd6170000 - 0x00007ffcd618a000 	C:\Program Files\AdoptOpenJDK\jdk-8.0.292.10-hotspot\jre\bin\net.dll
0x00007ffcfa380000 - 0x00007ffcfa3ea000 	C:\WINDOWS\system32\mswsock.dll
0x00007ffcf3d80000 - 0x00007ffcf3d8d000 	C:\Program Files\AdoptOpenJDK\jdk-8.0.292.10-hotspot\jre\bin\management.dll
0x00007ffcfa570000 - 0x00007ffcfa588000 	C:\WINDOWS\SYSTEM32\CRYPTSP.dll
0x00007ffcf9c90000 - 0x00007ffcf9cc4000 	C:\WINDOWS\system32\rsaenh.dll
0x00007ffcfabc0000 - 0x00007ffcfabe7000 	C:\WINDOWS\System32\bcrypt.dll
0x00007ffcfaa80000 - 0x00007ffcfaaae000 	C:\WINDOWS\SYSTEM32\USERENV.dll
0x00007ffcfb3c0000 - 0x00007ffcfb443000 	C:\WINDOWS\System32\bcryptprimitives.dll
0x00007ffcfa590000 - 0x00007ffcfa59c000 	C:\WINDOWS\SYSTEM32\CRYPTBASE.dll
0x00007ffcfa020000 - 0x00007ffcfa05b000 	C:\WINDOWS\SYSTEM32\IPHLPAPI.DLL
0x00007ffcfc320000 - 0x00007ffcfc328000 	C:\WINDOWS\System32\NSI.dll
0x00007ffcef110000 - 0x00007ffcef127000 	C:\WINDOWS\SYSTEM32\dhcpcsvc6.DLL
0x00007ffcf0c10000 - 0x00007ffcf0c2d000 	C:\WINDOWS\SYSTEM32\dhcpcsvc.DLL
0x00007ffcfa060000 - 0x00007ffcfa12c000 	C:\WINDOWS\SYSTEM32\DNSAPI.dll
0x00007ffcd5fa0000 - 0x00007ffcd5fb2000 	C:\Program Files\AdoptOpenJDK\jdk-8.0.292.10-hotspot\jre\bin\nio.dll
0x00007ffce4350000 - 0x00007ffce435a000 	C:\Users\autty\AppData\Local\Temp\jansi-64-9062962160785065641.dll
0x00007ffcc9870000 - 0x00007ffcc9887000 	C:\WINDOWS\system32\napinsp.dll
0x00007ffcc9850000 - 0x00007ffcc986b000 	C:\WINDOWS\system32\pnrpnsp.dll
0x00007ffcf5410000 - 0x00007ffcf5425000 	C:\WINDOWS\system32\wshbth.dll
0x00007ffcf5ef0000 - 0x00007ffcf5f0d000 	C:\WINDOWS\system32\NLAapi.dll
0x00007ffcc9830000 - 0x00007ffcc9842000 	C:\WINDOWS\System32\winrnr.dll
0x00007ffce9ff0000 - 0x00007ffce9ffa000 	C:\Windows\System32\rasadhlp.dll
0x00007ffcea090000 - 0x00007ffcea10f000 	C:\WINDOWS\System32\fwpuclnt.dll
0x00007ffcdd980000 - 0x00007ffcdd98a000 	C:\Users\autty\AppData\Local\Temp\jansi-64-860357913206119315.dll
0x0000000180000000 - 0x0000000180053000 	C:\Users\autty\.gradle\caches\minecraft\net\minecraft\natives\1.12.2\lwjgl64.dll
0x00007ffce3c20000 - 0x00007ffce3d45000 	C:\WINDOWS\SYSTEM32\OPENGL32.dll
0x00007ffce4c80000 - 0x00007ffce4cac000 	C:\WINDOWS\SYSTEM32\GLU32.dll
0x00007ffc9e2b0000 - 0x00007ffc9e445000 	C:\Program Files\AdoptOpenJDK\jdk-8.0.292.10-hotspot\jre\bin\awt.dll
0x00007ffcfd360000 - 0x00007ffcfd42d000 	C:\WINDOWS\System32\OLEAUT32.dll
0x00007ffcf8120000 - 0x00007ffcf81b0000 	C:\WINDOWS\SYSTEM32\apphelp.dll
0x00007ffcf47b0000 - 0x00007ffcf485e000 	C:\WINDOWS\SYSTEM32\mscms.dll
0x00007ffcf53b0000 - 0x00007ffcf53c1000 	C:\WINDOWS\SYSTEM32\ColorAdapterClient.dll
0x00007ffcf9450000 - 0x00007ffcf9462000 	C:\WINDOWS\SYSTEM32\kernel.appcore.dll
0x00007ffcfcd40000 - 0x00007ffcfcde9000 	C:\WINDOWS\System32\clbcatq.dll
0x00007ffcf1930000 - 0x00007ffcf1974000 	C:\Windows\System32\Windows.Internal.Graphics.Display.DisplayColorManagement.dll
0x00007ffcfb370000 - 0x00007ffcfb3be000 	C:\WINDOWS\System32\cfgmgr32.dll
0x00007ffcf8270000 - 0x00007ffcf830e000 	C:\WINDOWS\system32\uxtheme.dll
0x00007ffcfc0d0000 - 0x00007ffcfc1e5000 	C:\WINDOWS\System32\MSCTF.dll
0x00007ffcdfaf0000 - 0x00007ffcdfbe9000 	C:\WINDOWS\SYSTEM32\textinputframework.dll
0x00007ffcf76b0000 - 0x00007ffcf7a0e000 	C:\WINDOWS\System32\CoreUIComponents.dll
0x00007ffcf7d90000 - 0x00007ffcf7e82000 	C:\WINDOWS\System32\CoreMessaging.dll
0x00007ffcf98c0000 - 0x00007ffcf98f3000 	C:\WINDOWS\SYSTEM32\ntmarta.dll
0x00007ffcf66d0000 - 0x00007ffcf6824000 	C:\WINDOWS\SYSTEM32\wintypes.dll
0x00007ffcf3330000 - 0x00007ffcf3429000 	C:\Windows\System32\AppXDeploymentClient.dll
0x00007ffc84130000 - 0x00007ffc850fa000 	C:\WINDOWS\System32\DriverStore\FileRepository\iigd_dch.inf_amd64_5d54dd32fa1ef4d4\ig9icd64.dll
0x00007ffcfc1f0000 - 0x00007ffcfc31a000 	C:\WINDOWS\System32\ole32.dll
0x00007ffcf8440000 - 0x00007ffcf846f000 	C:\WINDOWS\system32\dwmapi.dll
0x00007ffcf94c0000 - 0x00007ffcf95b4000 	C:\WINDOWS\system32\dxgi.dll
0x00007ffcee9f0000 - 0x00007ffceec2f000 	C:\WINDOWS\System32\DriverStore\FileRepository\iigd_dch.inf_amd64_5d54dd32fa1ef4d4\igdgmm64.dll
0x00007ffccb9e0000 - 0x00007ffccba23000 	C:\WINDOWS\SYSTEM32\icm32.dll
0x00007ffcb6870000 - 0x00007ffcb6c7c000 	C:\WINDOWS\System32\DriverStore\FileRepository\iigd_dch.inf_amd64_5d54dd32fa1ef4d4\igdml64.dll
0x00007ffcebdb0000 - 0x00007ffcee979000 	C:\WINDOWS\System32\DriverStore\FileRepository\iigd_dch.inf_amd64_5d54dd32fa1ef4d4\igc64.dll
0x00007ffcfa190000 - 0x00007ffcfa1db000 	C:\WINDOWS\SYSTEM32\powrprof.dll
0x00007ffcfa000000 - 0x00007ffcfa012000 	C:\WINDOWS\SYSTEM32\UMPDC.dll
0x00007ffcd1e40000 - 0x00007ffcd1e82000 	C:\Users\autty\AppData\Local\Temp\jna-3386804\jna2670736625453521519.dll
0x00007ffcd1e10000 - 0x00007ffcd1e33000 	C:\Program Files\AdoptOpenJDK\jdk-8.0.292.10-hotspot\jre\bin\sunec.dll
0x00000234c56e0000 - 0x00000234c5744000 	C:\Users\autty\.gradle\caches\minecraft\net\minecraft\natives\1.12.2\OpenAL64.dll
0x00007ffcef150000 - 0x00007ffcef1d5000 	C:\WINDOWS\System32\MMDevApi.dll
0x00007ffcfa960000 - 0x00007ffcfa994000 	C:\WINDOWS\System32\DEVOBJ.dll
0x00007ffcc4520000 - 0x00007ffcc45bc000 	C:\WINDOWS\SYSTEM32\dsound.dll
0x00007ffcdfa40000 - 0x00007ffcdfa66000 	C:\WINDOWS\SYSTEM32\winmmbase.dll
0x00007ffcef1e0000 - 0x00007ffcef361000 	C:\WINDOWS\SYSTEM32\AUDIOSES.DLL
0x00007ffcf8880000 - 0x00007ffcf8a64000 	C:\WINDOWS\SYSTEM32\dbghelp.dll

VM Arguments:
jvm_args: -Dfml.coreMods.load=me.travis.wurstplus.mixins.WurstplusMixinLoader -javaagent:D:\Programs\IntelliJ\IntelliJ IDEA Community Edition 2021.1.1\lib\idea_rt.jar=53575:D:\Programs\IntelliJ\IntelliJ IDEA Community Edition 2021.1.1\bin -Dfile.encoding=UTF-8 
java_command: GradleStart
java_class_path (initial): C:\Program Files\AdoptOpenJDK\jdk-8.0.292.10-hotspot\jre\lib\charsets.jar;C:\Program Files\AdoptOpenJDK\jdk-8.0.292.10-hotspot\jre\lib\ext\access-bridge-64.jar;C:\Program Files\AdoptOpenJDK\jdk-8.0.292.10-hotspot\jre\lib\ext\cldrdata.jar;C:\Program Files\AdoptOpenJDK\jdk-8.0.292.10-hotspot\jre\lib\ext\dnsns.jar;C:\Program Files\AdoptOpenJDK\jdk-8.0.292.10-hotspot\jre\lib\ext\jaccess.jar;C:\Program Files\AdoptOpenJDK\jdk-8.0.292.10-hotspot\jre\lib\ext\localedata.jar;C:\Program Files\AdoptOpenJDK\jdk-8.0.292.10-hotspot\jre\lib\ext\nashorn.jar;C:\Program Files\AdoptOpenJDK\jdk-8.0.292.10-hotspot\jre\lib\ext\sunec.jar;C:\Program Files\AdoptOpenJDK\jdk-8.0.292.10-hotspot\jre\lib\ext\sunjce_provider.jar;C:\Program Files\AdoptOpenJDK\jdk-8.0.292.10-hotspot\jre\lib\ext\sunmscapi.jar;C:\Program Files\AdoptOpenJDK\jdk-8.0.292.10-hotspot\jre\lib\ext\sunpkcs11.jar;C:\Program Files\AdoptOpenJDK\jdk-8.0.292.10-hotspot\jre\lib\ext\zipfs.jar;C:\Program Files\AdoptOpenJDK\jdk-8.0.292.10-hotspot\jre\lib\jce.jar;C:\Program Files\AdoptOpenJDK\jdk-8.0.292.10-hotspot\jre\lib\jfr.jar;C:\Program Files\AdoptOpenJDK\jdk-8.0.292.10-hotspot\jre\lib\jsse.jar;C:\Program Files\AdoptOpenJDK\jdk-8.0.292.10-hotspot\jre\lib\management-agent.jar;C:\Program Files\AdoptOpenJDK\jdk-8.0.292.10-hotspot\jre\lib\resources.jar;C:\Program Files\AdoptOpenJDK\jdk-8.0.292.10-hotspot\jre\lib\rt.jar;E:\Coding Projects\sexhack\out\production\sexhack;C:\Users\autty\.gradle\caches\modules-2\files-2.1\com.github.ionar2\Alpine\1.9f\5d1ab032b30e06813a8360dc9acdcdf99a9d668b\Alpine-1.9f.jar;C:\Users\autty\.gradle\caches\modules-2\files-2.1\net.jodah\typetools\0.5.0\f61380c805c48c98305157e2543ca0bfc91583fe\typetools-0.5.0.jar;C:\Users\autty\.gradle\caches\modules-2\files-2.1\com.googlecode.json-simple\json-simple\1.1.1\c9ad4a0850ab676c5c64461a05ca524cdfff59f1\json-simple-1.1.1.jar;C:\Users\autty\.gradle\caches\modules-2\files-2.1\org.spongepowered\mixin\0.7.4-SNAPSHOT\d22c5b223b3ff950cd165446dbc
Launcher Type: SUN_STANDARD

Environment Variables:
JAVA_HOME=C:\Program Files\Java\jdk1.8.0_301
PATH=C:\Program Files\Common Files\Oracle\Java\javapath;C:\Program Files\AdoptOpenJDK\jdk-8.0.292.10-hotspot\bin;C:\Program Files (x86)\Common Files\Oracle\Java\javapath;C:\WINDOWS\system32;C:\WINDOWS;C:\WINDOWS\System32\Wbem;C:\WINDOWS\System32\WindowsPowerShell\v1.0\;C:\WINDOWS\System32\OpenSSH\;C:\Program Files\NVIDIA Corporation\NVIDIA NvDLISR;C:\Program Files\dotnet\;C:\Program Files\nodejs\;C:\Users\autty\AppData\Local\Programs\Python\Python39;C:\Program Files\Git\cmd;C:\Program Files\Java\jdk1.8.0_301\bin;C:\Users\autty\AppData\Local\Microsoft\WindowsApps;C:\Users\autty\AppData\Local\Programs\Microsoft VS Code\bin;C:\Users\autty\AppData\Local\GitHubDesktop\bin;C:\Users\autty\AppData\Local\atom-beta\bin;C:\Users\autty\AppData\Roaming\npm
USERNAME=noat
OS=Windows_NT
PROCESSOR_IDENTIFIER=Intel64 Family 6 Model 158 Stepping 10, GenuineIntel



---------------  S Y S T E M  ---------------

OS: Windows 10.0 , 64 bit Build 19041 (10.0.19041.1151)

CPU:total 8 (initial active 8) (4 cores per cpu, 2 threads per core) family 6 model 158 stepping 10, cmov, cx8, fxsr, mmx, sse, sse2, sse3, ssse3, sse4.1, sse4.2, popcnt, avx, avx2, aes, clmul, erms, 3dnowpref, lzcnt, ht, tsc, tscinvbit, bmi1, bmi2, adx

Memory: 4k page, physical 16654484k(5887564k free), swap 22683796k(6049316k free)

vm_info: OpenJDK 64-Bit Server VM (25.292-b10) for windows-amd64 JRE (1.8.0_292-b10), built on Apr 21 2021 04:52:30 by "jenkins" with MS VC++ 12.0 (VS2013)

time: Fri Aug 27 10:13:10 2021
timezone: SE Asia Standard Time
elapsed time: 14.324439 seconds (0d 0h 0m 14s)

